-- Found ament_cmake: 1.3.12 (/opt/ros/humble/share/ament_cmake/cmake)
-- Override CMake install command with custom implementation using symlinks instead of copying resources
-- Found rclcpp: 16.0.17 (/opt/ros/humble/share/rclcpp/cmake)
-- Found rosidl_generator_c: 3.1.8 (/opt/ros/humble/share/rosidl_generator_c/cmake)
-- Found rosidl_adapter: 3.1.8 (/opt/ros/humble/share/rosidl_adapter/cmake)
-- Found rosidl_generator_cpp: 3.1.8 (/opt/ros/humble/share/rosidl_generator_cpp/cmake)
-- Using all available rosidl_typesupport_c: rosidl_typesupport_fastrtps_c;rosidl_typesupport_introspection_c
-- Using all available rosidl_typesupport_cpp: rosidl_typesupport_fastrtps_cpp;rosidl_typesupport_introspection_cpp
-- Found rmw_implementation_cmake: 6.1.2 (/opt/ros/humble/share/rmw_implementation_cmake/cmake)
-- Found rmw_fastrtps_cpp: 6.2.9 (/opt/ros/humble/share/rmw_fastrtps_cpp/cmake)
-- Using RMW implementation 'rmw_fastrtps_cpp' as default
-- Found sensor_msgs: 4.9.0 (/opt/ros/humble/share/sensor_msgs/cmake)
-- Found tf2: 0.25.18 (/opt/ros/humble/share/tf2/cmake)
-- Found tf2_ros: 0.25.18 (/opt/ros/humble/share/tf2_ros/cmake)
-- Configuring done
-- Generating done
-- Build files have been written to: /home/abhay/rplidar_slam_ws/build/rplidar_slam
-- Install configuration: ""
-- Execute custom install script
-- Up-to-date symlink: /home/abhay/rplidar_slam_ws/install/rplidar_slam/share/rplidar_slam//launch/rplidar.launch.py
-- Up-to-date symlink: /home/abhay/rplidar_slam_ws/install/rplidar_slam/share/rplidar_slam//launch/rplidar_rviz.launch.py
-- Up-to-date symlink: /home/abhay/rplidar_slam_ws/install/rplidar_slam/share/rplidar_slam//launch/rplidar_slam.launch.py
-- Symlinking: /home/abhay/rplidar_slam_ws/install/rplidar_slam/share/rplidar_slam//launch/test_rplidar.launch.py
-- Up-to-date symlink: /home/abhay/rplidar_slam_ws/install/rplidar_slam/share/rplidar_slam//rviz/rplidar.rviz
-- Up-to-date symlink: /home/abhay/rplidar_slam_ws/install/rplidar_slam/share/rplidar_slam//rviz/slam.rviz
-- Up-to-date symlink: /home/abhay/rplidar_slam_ws/install/rplidar_slam/share/ament_index/resource_index/package_run_dependencies/rplidar_slam
-- Up-to-date symlink: /home/abhay/rplidar_slam_ws/install/rplidar_slam/share/ament_index/resource_index/parent_prefix_path/rplidar_slam
-- Up-to-date symlink: /home/abhay/rplidar_slam_ws/install/rplidar_slam/share/rplidar_slam/environment/ament_prefix_path.sh
-- Up-to-date symlink: /home/abhay/rplidar_slam_ws/install/rplidar_slam/share/rplidar_slam/environment/ament_prefix_path.dsv
-- Up-to-date symlink: /home/abhay/rplidar_slam_ws/install/rplidar_slam/share/rplidar_slam/environment/path.sh
-- Up-to-date symlink: /home/abhay/rplidar_slam_ws/install/rplidar_slam/share/rplidar_slam/environment/path.dsv
-- Up-to-date symlink: /home/abhay/rplidar_slam_ws/install/rplidar_slam/share/rplidar_slam/local_setup.bash
-- Up-to-date symlink: /home/abhay/rplidar_slam_ws/install/rplidar_slam/share/rplidar_slam/local_setup.sh
-- Up-to-date symlink: /home/abhay/rplidar_slam_ws/install/rplidar_slam/share/rplidar_slam/local_setup.zsh
-- Up-to-date symlink: /home/abhay/rplidar_slam_ws/install/rplidar_slam/share/rplidar_slam/local_setup.dsv
-- Symlinking: /home/abhay/rplidar_slam_ws/install/rplidar_slam/share/rplidar_slam/package.dsv
-- Up-to-date symlink: /home/abhay/rplidar_slam_ws/install/rplidar_slam/share/ament_index/resource_index/packages/rplidar_slam
-- Up-to-date symlink: /home/abhay/rplidar_slam_ws/install/rplidar_slam/share/rplidar_slam/cmake/rplidar_slamConfig.cmake
-- Up-to-date symlink: /home/abhay/rplidar_slam_ws/install/rplidar_slam/share/rplidar_slam/cmake/rplidar_slamConfig-version.cmake
-- Up-to-date symlink: /home/abhay/rplidar_slam_ws/install/rplidar_slam/share/rplidar_slam/package.xml
