[0.314s] DEBUG:colcon:Command line arguments: ['/usr/bin/colcon', 'build', '--packages-select', 'rplidar_slam', '--symlink-install']
[0.314s] DEBUG:colcon:Parsed command line arguments: Namespace(log_base=None, log_level=None, verb_name='build', build_base='build', install_base='install', merge_install=False, symlink_install=True, test_result_base=None, continue_on_error=False, executor='parallel', parallel_workers=12, event_handlers=None, ignore_user_meta=False, metas=['./colcon.meta'], base_paths=['.'], packages_ignore=None, packages_ignore_regex=None, paths=None, packages_up_to=None, packages_up_to_regex=None, packages_above=None, packages_above_and_dependencies=None, packages_above_depth=None, packages_select_by_dep=None, packages_skip_by_dep=None, packages_skip_up_to=None, packages_select_build_failed=False, packages_skip_build_finished=False, packages_select_test_failures=False, packages_skip_test_passed=False, packages_select=['rplidar_slam'], packages_skip=None, packages_select_regex=None, packages_skip_regex=None, packages_start=None, packages_end=None, allow_overriding=[], cmake_args=None, cmake_target=None, cmake_target_skip_unavailable=False, cmake_clean_cache=False, cmake_clean_first=False, cmake_force_configure=False, ament_cmake_args=None, catkin_cmake_args=None, catkin_skip_building_tests=False, verb_parser=<colcon_defaults.argument_parser.defaults.DefaultArgumentsDecorator object at 0x761c9be1bdc0>, verb_extension=<colcon_core.verb.build.BuildVerb object at 0x761c9bfc49d0>, main=<bound method BuildVerb.main of <colcon_core.verb.build.BuildVerb object at 0x761c9bfc49d0>>)
[0.544s] Level 1:colcon.colcon_core.package_discovery:discover_packages(colcon_meta) check parameters
[0.544s] Level 1:colcon.colcon_core.package_discovery:discover_packages(recursive) check parameters
[0.544s] Level 1:colcon.colcon_core.package_discovery:discover_packages(ignore) check parameters
[0.544s] Level 1:colcon.colcon_core.package_discovery:discover_packages(path) check parameters
[0.544s] Level 1:colcon.colcon_core.package_discovery:discover_packages(colcon_meta) discover
[0.544s] Level 1:colcon.colcon_core.package_discovery:discover_packages(recursive) discover
[0.544s] INFO:colcon.colcon_core.package_discovery:Crawling recursively for packages in '/home/abhay/rplidar_slam_ws'
[0.545s] Level 1:colcon.colcon_core.package_identification:_identify(.) by extensions ['ignore', 'ignore_ament_install']
[0.545s] Level 1:colcon.colcon_core.package_identification:_identify(.) by extension 'ignore'
[0.545s] Level 1:colcon.colcon_core.package_identification:_identify(.) by extension 'ignore_ament_install'
[0.545s] Level 1:colcon.colcon_core.package_identification:_identify(.) by extensions ['colcon_pkg']
[0.545s] Level 1:colcon.colcon_core.package_identification:_identify(.) by extension 'colcon_pkg'
[0.545s] Level 1:colcon.colcon_core.package_identification:_identify(.) by extensions ['colcon_meta']
[0.545s] Level 1:colcon.colcon_core.package_identification:_identify(.) by extension 'colcon_meta'
[0.545s] Level 1:colcon.colcon_core.package_identification:_identify(.) by extensions ['ros']
[0.545s] Level 1:colcon.colcon_core.package_identification:_identify(.) by extension 'ros'
[0.566s] Level 1:colcon.colcon_core.package_identification:_identify(.) by extensions ['cmake', 'python']
[0.566s] Level 1:colcon.colcon_core.package_identification:_identify(.) by extension 'cmake'
[0.566s] Level 1:colcon.colcon_core.package_identification:_identify(.) by extension 'python'
[0.566s] Level 1:colcon.colcon_core.package_identification:_identify(.) by extensions ['python_setup_py']
[0.566s] Level 1:colcon.colcon_core.package_identification:_identify(.) by extension 'python_setup_py'
[0.567s] Level 1:colcon.colcon_core.package_identification:_identify(build) by extensions ['ignore', 'ignore_ament_install']
[0.567s] Level 1:colcon.colcon_core.package_identification:_identify(build) by extension 'ignore'
[0.567s] Level 1:colcon.colcon_core.package_identification:_identify(build) ignored
[0.567s] Level 1:colcon.colcon_core.package_identification:_identify(install) by extensions ['ignore', 'ignore_ament_install']
[0.568s] Level 1:colcon.colcon_core.package_identification:_identify(install) by extension 'ignore'
[0.568s] Level 1:colcon.colcon_core.package_identification:_identify(install) ignored
[0.568s] Level 1:colcon.colcon_core.package_identification:_identify(log) by extensions ['ignore', 'ignore_ament_install']
[0.568s] Level 1:colcon.colcon_core.package_identification:_identify(log) by extension 'ignore'
[0.568s] Level 1:colcon.colcon_core.package_identification:_identify(log) ignored
[0.569s] Level 1:colcon.colcon_core.package_identification:_identify(src) by extensions ['ignore', 'ignore_ament_install']
[0.569s] Level 1:colcon.colcon_core.package_identification:_identify(src) by extension 'ignore'
[0.569s] Level 1:colcon.colcon_core.package_identification:_identify(src) by extension 'ignore_ament_install'
[0.569s] Level 1:colcon.colcon_core.package_identification:_identify(src) by extensions ['colcon_pkg']
[0.569s] Level 1:colcon.colcon_core.package_identification:_identify(src) by extension 'colcon_pkg'
[0.569s] Level 1:colcon.colcon_core.package_identification:_identify(src) by extensions ['colcon_meta']
[0.569s] Level 1:colcon.colcon_core.package_identification:_identify(src) by extension 'colcon_meta'
[0.569s] Level 1:colcon.colcon_core.package_identification:_identify(src) by extensions ['ros']
[0.569s] Level 1:colcon.colcon_core.package_identification:_identify(src) by extension 'ros'
[0.570s] Level 1:colcon.colcon_core.package_identification:_identify(src) by extensions ['cmake', 'python']
[0.570s] Level 1:colcon.colcon_core.package_identification:_identify(src) by extension 'cmake'
[0.570s] Level 1:colcon.colcon_core.package_identification:_identify(src) by extension 'python'
[0.570s] Level 1:colcon.colcon_core.package_identification:_identify(src) by extensions ['python_setup_py']
[0.570s] Level 1:colcon.colcon_core.package_identification:_identify(src) by extension 'python_setup_py'
[0.570s] Level 1:colcon.colcon_core.package_identification:_identify(src/rplidar_slam) by extensions ['ignore', 'ignore_ament_install']
[0.570s] Level 1:colcon.colcon_core.package_identification:_identify(src/rplidar_slam) by extension 'ignore'
[0.570s] Level 1:colcon.colcon_core.package_identification:_identify(src/rplidar_slam) by extension 'ignore_ament_install'
[0.571s] Level 1:colcon.colcon_core.package_identification:_identify(src/rplidar_slam) by extensions ['colcon_pkg']
[0.571s] Level 1:colcon.colcon_core.package_identification:_identify(src/rplidar_slam) by extension 'colcon_pkg'
[0.571s] Level 1:colcon.colcon_core.package_identification:_identify(src/rplidar_slam) by extensions ['colcon_meta']
[0.571s] Level 1:colcon.colcon_core.package_identification:_identify(src/rplidar_slam) by extension 'colcon_meta'
[0.571s] Level 1:colcon.colcon_core.package_identification:_identify(src/rplidar_slam) by extensions ['ros']
[0.571s] Level 1:colcon.colcon_core.package_identification:_identify(src/rplidar_slam) by extension 'ros'
[0.576s] DEBUG:colcon.colcon_core.package_identification:Package 'src/rplidar_slam' with type 'ros.ament_cmake' and name 'rplidar_slam'
[0.577s] Level 1:colcon.colcon_core.package_discovery:discover_packages(recursive) using defaults
[0.577s] Level 1:colcon.colcon_core.package_discovery:discover_packages(ignore) discover
[0.577s] Level 1:colcon.colcon_core.package_discovery:discover_packages(ignore) using defaults
[0.577s] Level 1:colcon.colcon_core.package_discovery:discover_packages(path) discover
[0.577s] Level 1:colcon.colcon_core.package_discovery:discover_packages(path) using defaults
[0.608s] Level 1:colcon.colcon_core.package_discovery:discover_packages(prefix_path) check parameters
[0.608s] Level 1:colcon.colcon_core.package_discovery:discover_packages(prefix_path) discover
[0.610s] DEBUG:colcon.colcon_installed_package_information.package_discovery:Found 1 installed packages in /home/abhay/rplidar_slam_ws/install
[0.611s] DEBUG:colcon.colcon_installed_package_information.package_discovery:Found 5 installed packages in /home/abhay/ros2_ws/install
[0.612s] DEBUG:colcon.colcon_installed_package_information.package_discovery:Found 1 installed packages in /home/abhay/lidar_ws/install
[0.615s] DEBUG:colcon.colcon_installed_package_information.package_discovery:Found 402 installed packages in /opt/ros/humble
[0.630s] Level 1:colcon.colcon_core.package_discovery:discover_packages(prefix_path) using defaults
[0.705s] Level 5:colcon.colcon_core.verb:set package 'rplidar_slam' build argument 'cmake_args' from command line to 'None'
[0.706s] Level 5:colcon.colcon_core.verb:set package 'rplidar_slam' build argument 'cmake_target' from command line to 'None'
[0.706s] Level 5:colcon.colcon_core.verb:set package 'rplidar_slam' build argument 'cmake_target_skip_unavailable' from command line to 'False'
[0.706s] Level 5:colcon.colcon_core.verb:set package 'rplidar_slam' build argument 'cmake_clean_cache' from command line to 'False'
[0.706s] Level 5:colcon.colcon_core.verb:set package 'rplidar_slam' build argument 'cmake_clean_first' from command line to 'False'
[0.706s] Level 5:colcon.colcon_core.verb:set package 'rplidar_slam' build argument 'cmake_force_configure' from command line to 'False'
[0.706s] Level 5:colcon.colcon_core.verb:set package 'rplidar_slam' build argument 'ament_cmake_args' from command line to 'None'
[0.706s] Level 5:colcon.colcon_core.verb:set package 'rplidar_slam' build argument 'catkin_cmake_args' from command line to 'None'
[0.706s] Level 5:colcon.colcon_core.verb:set package 'rplidar_slam' build argument 'catkin_skip_building_tests' from command line to 'False'
[0.706s] DEBUG:colcon.colcon_core.verb:Building package 'rplidar_slam' with the following arguments: {'ament_cmake_args': None, 'build_base': '/home/abhay/rplidar_slam_ws/build/rplidar_slam', 'catkin_cmake_args': None, 'catkin_skip_building_tests': False, 'cmake_args': None, 'cmake_clean_cache': False, 'cmake_clean_first': False, 'cmake_force_configure': False, 'cmake_target': None, 'cmake_target_skip_unavailable': False, 'install_base': '/home/abhay/rplidar_slam_ws/install/rplidar_slam', 'merge_install': False, 'path': '/home/abhay/rplidar_slam_ws/src/rplidar_slam', 'symlink_install': True, 'test_result_base': None}
[0.706s] INFO:colcon.colcon_core.executor:Executing jobs using 'parallel' executor
[0.708s] DEBUG:colcon.colcon_parallel_executor.executor.parallel:run_until_complete
[0.708s] INFO:colcon.colcon_ros.task.ament_cmake.build:Building ROS package in '/home/abhay/rplidar_slam_ws/src/rplidar_slam' with build type 'ament_cmake'
[0.709s] INFO:colcon.colcon_cmake.task.cmake.build:Building CMake package in '/home/abhay/rplidar_slam_ws/src/rplidar_slam'
[0.712s] INFO:colcon.colcon_core.plugin_system:Skipping extension 'colcon_core.shell.bat': Not used on non-Windows systems
[0.712s] INFO:colcon.colcon_core.shell:Skip shell extension 'powershell' for command environment: Not usable outside of PowerShell
[0.712s] DEBUG:colcon.colcon_core.shell:Skip shell extension 'dsv' for command environment
[0.736s] DEBUG:colcon.colcon_core.event_handler.log_command:Invoking command in '/home/abhay/rplidar_slam_ws/build/rplidar_slam': CMAKE_PREFIX_PATH=${CMAKE_PREFIX_PATH}:/opt/ros/humble /usr/bin/cmake --build /home/abhay/rplidar_slam_ws/build/rplidar_slam -- -j12 -l12
[8.320s] DEBUG:colcon.colcon_core.event_handler.log_command:Invoked command in '/home/abhay/rplidar_slam_ws/build/rplidar_slam' returned '0': CMAKE_PREFIX_PATH=${CMAKE_PREFIX_PATH}:/opt/ros/humble /usr/bin/cmake --build /home/abhay/rplidar_slam_ws/build/rplidar_slam -- -j12 -l12
[8.338s] DEBUG:colcon.colcon_core.event_handler.log_command:Invoking command in '/home/abhay/rplidar_slam_ws/build/rplidar_slam': CMAKE_PREFIX_PATH=${CMAKE_PREFIX_PATH}:/opt/ros/humble /usr/bin/cmake --install /home/abhay/rplidar_slam_ws/build/rplidar_slam
[8.383s] Level 1:colcon.colcon_core.environment:create_environment_scripts_only(rplidar_slam)
[8.384s] DEBUG:colcon.colcon_core.event_handler.log_command:Invoked command in '/home/abhay/rplidar_slam_ws/build/rplidar_slam' returned '0': CMAKE_PREFIX_PATH=${CMAKE_PREFIX_PATH}:/opt/ros/humble /usr/bin/cmake --install /home/abhay/rplidar_slam_ws/build/rplidar_slam
[8.387s] Level 1:colcon.colcon_core.environment:checking '/home/abhay/rplidar_slam_ws/install/rplidar_slam' for CMake module files
[8.388s] Level 1:colcon.colcon_core.environment:checking '/home/abhay/rplidar_slam_ws/install/rplidar_slam' for CMake config files
[8.388s] Level 1:colcon.colcon_core.shell:create_environment_hook('rplidar_slam', 'cmake_prefix_path')
[8.389s] INFO:colcon.colcon_core.shell:Creating environment hook '/home/abhay/rplidar_slam_ws/install/rplidar_slam/share/rplidar_slam/hook/cmake_prefix_path.ps1'
[8.389s] INFO:colcon.colcon_core.shell:Creating environment descriptor '/home/abhay/rplidar_slam_ws/install/rplidar_slam/share/rplidar_slam/hook/cmake_prefix_path.dsv'
[8.390s] INFO:colcon.colcon_core.shell:Creating environment hook '/home/abhay/rplidar_slam_ws/install/rplidar_slam/share/rplidar_slam/hook/cmake_prefix_path.sh'
[8.392s] Level 1:colcon.colcon_core.environment:checking '/home/abhay/rplidar_slam_ws/install/rplidar_slam/lib'
[8.392s] Level 1:colcon.colcon_core.environment:checking '/home/abhay/rplidar_slam_ws/install/rplidar_slam/bin'
[8.392s] Level 1:colcon.colcon_core.environment:checking '/home/abhay/rplidar_slam_ws/install/rplidar_slam/lib/pkgconfig/rplidar_slam.pc'
[8.392s] Level 1:colcon.colcon_core.environment:checking '/home/abhay/rplidar_slam_ws/install/rplidar_slam/lib/python3.10/site-packages'
[8.393s] Level 1:colcon.colcon_core.environment:checking '/home/abhay/rplidar_slam_ws/install/rplidar_slam/bin'
[8.393s] INFO:colcon.colcon_core.shell:Creating package script '/home/abhay/rplidar_slam_ws/install/rplidar_slam/share/rplidar_slam/package.ps1'
[8.394s] INFO:colcon.colcon_core.shell:Creating package descriptor '/home/abhay/rplidar_slam_ws/install/rplidar_slam/share/rplidar_slam/package.dsv'
[8.395s] INFO:colcon.colcon_core.shell:Creating package script '/home/abhay/rplidar_slam_ws/install/rplidar_slam/share/rplidar_slam/package.sh'
[8.397s] INFO:colcon.colcon_core.shell:Creating package script '/home/abhay/rplidar_slam_ws/install/rplidar_slam/share/rplidar_slam/package.bash'
[8.398s] INFO:colcon.colcon_core.shell:Creating package script '/home/abhay/rplidar_slam_ws/install/rplidar_slam/share/rplidar_slam/package.zsh'
[8.398s] Level 1:colcon.colcon_core.environment:create_file_with_runtime_dependencies(/home/abhay/rplidar_slam_ws/install/rplidar_slam/share/colcon-core/packages/rplidar_slam)
[8.400s] Level 1:colcon.colcon_core.environment:create_environment_scripts_only(rplidar_slam)
[8.400s] Level 1:colcon.colcon_core.environment:checking '/home/abhay/rplidar_slam_ws/install/rplidar_slam' for CMake module files
[8.401s] Level 1:colcon.colcon_core.environment:checking '/home/abhay/rplidar_slam_ws/install/rplidar_slam' for CMake config files
[8.401s] Level 1:colcon.colcon_core.shell:create_environment_hook('rplidar_slam', 'cmake_prefix_path')
[8.402s] INFO:colcon.colcon_core.shell:Creating environment hook '/home/abhay/rplidar_slam_ws/install/rplidar_slam/share/rplidar_slam/hook/cmake_prefix_path.ps1'
[8.402s] INFO:colcon.colcon_core.shell:Creating environment descriptor '/home/abhay/rplidar_slam_ws/install/rplidar_slam/share/rplidar_slam/hook/cmake_prefix_path.dsv'
[8.403s] INFO:colcon.colcon_core.shell:Creating environment hook '/home/abhay/rplidar_slam_ws/install/rplidar_slam/share/rplidar_slam/hook/cmake_prefix_path.sh'
[8.404s] Level 1:colcon.colcon_core.environment:checking '/home/abhay/rplidar_slam_ws/install/rplidar_slam/lib'
[8.404s] Level 1:colcon.colcon_core.environment:checking '/home/abhay/rplidar_slam_ws/install/rplidar_slam/bin'
[8.404s] Level 1:colcon.colcon_core.environment:checking '/home/abhay/rplidar_slam_ws/install/rplidar_slam/lib/pkgconfig/rplidar_slam.pc'
[8.404s] Level 1:colcon.colcon_core.environment:checking '/home/abhay/rplidar_slam_ws/install/rplidar_slam/lib/python3.10/site-packages'
[8.405s] Level 1:colcon.colcon_core.environment:checking '/home/abhay/rplidar_slam_ws/install/rplidar_slam/bin'
[8.405s] INFO:colcon.colcon_core.shell:Creating package script '/home/abhay/rplidar_slam_ws/install/rplidar_slam/share/rplidar_slam/package.ps1'
[8.406s] INFO:colcon.colcon_core.shell:Creating package descriptor '/home/abhay/rplidar_slam_ws/install/rplidar_slam/share/rplidar_slam/package.dsv'
[8.407s] INFO:colcon.colcon_core.shell:Creating package script '/home/abhay/rplidar_slam_ws/install/rplidar_slam/share/rplidar_slam/package.sh'
[8.408s] INFO:colcon.colcon_core.shell:Creating package script '/home/abhay/rplidar_slam_ws/install/rplidar_slam/share/rplidar_slam/package.bash'
[8.408s] INFO:colcon.colcon_core.shell:Creating package script '/home/abhay/rplidar_slam_ws/install/rplidar_slam/share/rplidar_slam/package.zsh'
[8.409s] Level 1:colcon.colcon_core.environment:create_file_with_runtime_dependencies(/home/abhay/rplidar_slam_ws/install/rplidar_slam/share/colcon-core/packages/rplidar_slam)
[8.410s] DEBUG:colcon.colcon_parallel_executor.executor.parallel:closing loop
[8.411s] DEBUG:colcon.colcon_parallel_executor.executor.parallel:loop closed
[8.411s] DEBUG:colcon.colcon_parallel_executor.executor.parallel:run_until_complete finished with '0'
[8.412s] DEBUG:colcon.colcon_core.event_reactor:joining thread
[8.467s] INFO:colcon.colcon_core.plugin_system:Skipping extension 'colcon_notification.desktop_notification.notify_send': Could not find 'notify-send'
[8.468s] INFO:colcon.colcon_core.plugin_system:Skipping extension 'colcon_notification.desktop_notification.terminal_notifier': Not used on non-Darwin systems
[8.468s] INFO:colcon.colcon_core.plugin_system:Skipping extension 'colcon_notification.desktop_notification.win32': Not used on non-Windows systems
[8.468s] INFO:colcon.colcon_notification.desktop_notification:Sending desktop notification using 'notify2'
[8.468s] DEBUG:colcon.colcon_notification.desktop_notification.notify2:Failed to initialize notify2: org.freedesktop.DBus.Error.FileNotFound: Failed to connect to socket /run/user/1000/bus: No such file or directory
[8.468s] DEBUG:colcon.colcon_core.event_reactor:joined thread
[8.469s] INFO:colcon.colcon_core.shell:Creating prefix script '/home/abhay/rplidar_slam_ws/install/local_setup.ps1'
[8.470s] INFO:colcon.colcon_core.shell:Creating prefix util module '/home/abhay/rplidar_slam_ws/install/_local_setup_util_ps1.py'
[8.473s] INFO:colcon.colcon_core.shell:Creating prefix chain script '/home/abhay/rplidar_slam_ws/install/setup.ps1'
[8.474s] INFO:colcon.colcon_core.shell:Creating prefix script '/home/abhay/rplidar_slam_ws/install/local_setup.sh'
[8.475s] INFO:colcon.colcon_core.shell:Creating prefix util module '/home/abhay/rplidar_slam_ws/install/_local_setup_util_sh.py'
[8.477s] INFO:colcon.colcon_core.shell:Creating prefix chain script '/home/abhay/rplidar_slam_ws/install/setup.sh'
[8.479s] INFO:colcon.colcon_core.shell:Creating prefix script '/home/abhay/rplidar_slam_ws/install/local_setup.bash'
[8.480s] INFO:colcon.colcon_core.shell:Creating prefix chain script '/home/abhay/rplidar_slam_ws/install/setup.bash'
[8.481s] INFO:colcon.colcon_core.shell:Creating prefix script '/home/abhay/rplidar_slam_ws/install/local_setup.zsh'
[8.482s] INFO:colcon.colcon_core.shell:Creating prefix chain script '/home/abhay/rplidar_slam_ws/install/setup.zsh'
