[0.037s] Invoking command in '/home/abhay/rplidar_slam_ws/build/rplidar_slam': CMAKE_PREFIX_PATH=${CMAKE_PREFIX_PATH}:/opt/ros/humble /usr/bin/cmake --build /home/abhay/rplidar_slam_ws/build/rplidar_slam -- -j12 -l12
[0.126s] Invoked command in '/home/abhay/rplidar_slam_ws/build/rplidar_slam' returned '0': CMAKE_PREFIX_PATH=${CMAKE_PREFIX_PATH}:/opt/ros/humble /usr/bin/cmake --build /home/abhay/rplidar_slam_ws/build/rplidar_slam -- -j12 -l12
[0.148s] Invoking command in '/home/abhay/rplidar_slam_ws/build/rplidar_slam': CMAKE_PREFIX_PATH=${CMAKE_PREFIX_PATH}:/opt/ros/humble /usr/bin/cmake --install /home/abhay/rplidar_slam_ws/build/rplidar_slam
[0.162s] -- Install configuration: ""
[0.162s] -- Execute custom install script
[0.163s] -- Symlinking: /home/abhay/rplidar_slam_ws/install/rplidar_slam/share/rplidar_slam//launch/hector_slam.launch.py
[0.183s] -- Up-to-date symlink: /home/abhay/rplidar_slam_ws/install/rplidar_slam/share/rplidar_slam//launch/rplidar.launch.py
[0.184s] -- Up-to-date symlink: /home/abhay/rplidar_slam_ws/install/rplidar_slam/share/rplidar_slam//launch/rplidar_rviz.launch.py
[0.184s] -- Up-to-date symlink: /home/abhay/rplidar_slam_ws/install/rplidar_slam/share/rplidar_slam//launch/rplidar_slam_fixed.launch.py
[0.184s] -- Up-to-date symlink: /home/abhay/rplidar_slam_ws/install/rplidar_slam/share/rplidar_slam//launch/test_rplidar.launch.py
[0.185s] -- Up-to-date symlink: /home/abhay/rplidar_slam_ws/install/rplidar_slam/share/rplidar_slam//rviz/rplidar.rviz
[0.185s] -- Up-to-date symlink: /home/abhay/rplidar_slam_ws/install/rplidar_slam/share/rplidar_slam//rviz/slam.rviz
[0.185s] -- Up-to-date symlink: /home/abhay/rplidar_slam_ws/install/rplidar_slam/share/ament_index/resource_index/package_run_dependencies/rplidar_slam
[0.186s] -- Up-to-date symlink: /home/abhay/rplidar_slam_ws/install/rplidar_slam/share/ament_index/resource_index/parent_prefix_path/rplidar_slam
[0.186s] -- Up-to-date symlink: /home/abhay/rplidar_slam_ws/install/rplidar_slam/share/rplidar_slam/environment/ament_prefix_path.sh
[0.186s] -- Up-to-date symlink: /home/abhay/rplidar_slam_ws/install/rplidar_slam/share/rplidar_slam/environment/ament_prefix_path.dsv
[0.187s] -- Up-to-date symlink: /home/abhay/rplidar_slam_ws/install/rplidar_slam/share/rplidar_slam/environment/path.sh
[0.187s] -- Up-to-date symlink: /home/abhay/rplidar_slam_ws/install/rplidar_slam/share/rplidar_slam/environment/path.dsv
[0.188s] -- Up-to-date symlink: /home/abhay/rplidar_slam_ws/install/rplidar_slam/share/rplidar_slam/local_setup.bash
[0.189s] -- Up-to-date symlink: /home/abhay/rplidar_slam_ws/install/rplidar_slam/share/rplidar_slam/local_setup.sh
[0.189s] -- Up-to-date symlink: /home/abhay/rplidar_slam_ws/install/rplidar_slam/share/rplidar_slam/local_setup.zsh
[0.189s] -- Up-to-date symlink: /home/abhay/rplidar_slam_ws/install/rplidar_slam/share/rplidar_slam/local_setup.dsv
[0.190s] -- Symlinking: /home/abhay/rplidar_slam_ws/install/rplidar_slam/share/rplidar_slam/package.dsv
[0.207s] -- Up-to-date symlink: /home/abhay/rplidar_slam_ws/install/rplidar_slam/share/ament_index/resource_index/packages/rplidar_slam
[0.208s] -- Up-to-date symlink: /home/abhay/rplidar_slam_ws/install/rplidar_slam/share/rplidar_slam/cmake/rplidar_slamConfig.cmake
[0.208s] -- Up-to-date symlink: /home/abhay/rplidar_slam_ws/install/rplidar_slam/share/rplidar_slam/cmake/rplidar_slamConfig-version.cmake
[0.208s] -- Up-to-date symlink: /home/abhay/rplidar_slam_ws/install/rplidar_slam/share/rplidar_slam/package.xml
[0.214s] Invoked command in '/home/abhay/rplidar_slam_ws/build/rplidar_slam' returned '0': CMAKE_PREFIX_PATH=${CMAKE_PREFIX_PATH}:/opt/ros/humble /usr/bin/cmake --install /home/abhay/rplidar_slam_ws/build/rplidar_slam
