[0.029s] Invoking command in '/home/abhay/rplidar_slam_ws/build/rplidar_slam': CMAKE_PREFIX_PATH=${CMAKE_PREFIX_PATH}:/opt/ros/humble /usr/bin/cmake /home/abhay/rplidar_slam_ws/src/rplidar_slam -DAMENT_CMAKE_SYMLINK_INSTALL=1 -DCMAKE_INSTALL_PREFIX=/home/abhay/rplidar_slam_ws/install/rplidar_slam
[0.471s] -- The C compiler identification is GNU 11.4.0
[1.171s] -- The CXX compiler identification is GNU 11.4.0
[1.633s] -- Detecting C compiler ABI info
[1.873s] -- Detecting C compiler ABI info - done
[1.884s] -- Check for working C compiler: /usr/bin/cc - skipped
[1.886s] -- Detecting C compile features
[1.887s] -- Detecting C compile features - done
[1.893s] -- Detecting CXX compiler ABI info
[2.139s] -- Detecting CXX compiler ABI info - done
[2.150s] -- Check for working CXX compiler: /usr/bin/c++ - skipped
[2.151s] -- Detecting CXX compile features
[2.151s] -- Detecting CXX compile features - done
[2.170s] -- Found ament_cmake: 1.3.12 (/opt/ros/humble/share/ament_cmake/cmake)
[2.419s] -- Found Python3: /usr/bin/python3 (found version "3.10.12") found components: Interpreter 
[2.534s] -- Override CMake install command with custom implementation using symlinks instead of copying resources
[2.631s] -- Found rclcpp: 16.0.17 (/opt/ros/humble/share/rclcpp/cmake)
[2.914s] -- Found rosidl_generator_c: 3.1.8 (/opt/ros/humble/share/rosidl_generator_c/cmake)
[2.930s] -- Found rosidl_adapter: 3.1.8 (/opt/ros/humble/share/rosidl_adapter/cmake)
[2.956s] -- Found rosidl_generator_cpp: 3.1.8 (/opt/ros/humble/share/rosidl_generator_cpp/cmake)
[2.988s] -- Using all available rosidl_typesupport_c: rosidl_typesupport_fastrtps_c;rosidl_typesupport_introspection_c
[3.030s] -- Using all available rosidl_typesupport_cpp: rosidl_typesupport_fastrtps_cpp;rosidl_typesupport_introspection_cpp
[3.148s] -- Found rmw_implementation_cmake: 6.1.2 (/opt/ros/humble/share/rmw_implementation_cmake/cmake)
[3.157s] -- Found rmw_fastrtps_cpp: 6.2.9 (/opt/ros/humble/share/rmw_fastrtps_cpp/cmake)
[4.904s] -- Found OpenSSL: /usr/lib/x86_64-linux-gnu/libcrypto.so (found version "3.0.2")  
[6.792s] -- Found FastRTPS: /opt/ros/humble/include  
[10.144s] -- Using RMW implementation 'rmw_fastrtps_cpp' as default
[10.173s] -- Looking for pthread.h
[10.456s] -- Looking for pthread.h - found
[10.459s] -- Performing Test CMAKE_HAVE_LIBC_PTHREAD
[10.689s] -- Performing Test CMAKE_HAVE_LIBC_PTHREAD - Success
[10.691s] -- Found Threads: TRUE  
[10.817s] -- Found sensor_msgs: 4.9.0 (/opt/ros/humble/share/sensor_msgs/cmake)
[10.921s] -- Found tf2: 0.25.18 (/opt/ros/humble/share/tf2/cmake)
[10.952s] -- Found tf2_ros: 0.25.18 (/opt/ros/humble/share/tf2_ros/cmake)
[11.282s] -- Configuring done
[11.300s] -- Generating done
[11.306s] -- Build files have been written to: /home/abhay/rplidar_slam_ws/build/rplidar_slam
[11.328s] Invoked command in '/home/abhay/rplidar_slam_ws/build/rplidar_slam' returned '0': CMAKE_PREFIX_PATH=${CMAKE_PREFIX_PATH}:/opt/ros/humble /usr/bin/cmake /home/abhay/rplidar_slam_ws/src/rplidar_slam -DAMENT_CMAKE_SYMLINK_INSTALL=1 -DCMAKE_INSTALL_PREFIX=/home/abhay/rplidar_slam_ws/install/rplidar_slam
[11.338s] Invoking command in '/home/abhay/rplidar_slam_ws/build/rplidar_slam': CMAKE_PREFIX_PATH=${CMAKE_PREFIX_PATH}:/opt/ros/humble /usr/bin/cmake --build /home/abhay/rplidar_slam_ws/build/rplidar_slam -- -j12 -l12
[11.412s] Invoked command in '/home/abhay/rplidar_slam_ws/build/rplidar_slam' returned '0': CMAKE_PREFIX_PATH=${CMAKE_PREFIX_PATH}:/opt/ros/humble /usr/bin/cmake --build /home/abhay/rplidar_slam_ws/build/rplidar_slam -- -j12 -l12
[11.431s] Invoking command in '/home/abhay/rplidar_slam_ws/build/rplidar_slam': CMAKE_PREFIX_PATH=${CMAKE_PREFIX_PATH}:/opt/ros/humble /usr/bin/cmake --install /home/abhay/rplidar_slam_ws/build/rplidar_slam
[11.443s] -- Install configuration: ""
[11.444s] -- Execute custom install script
[11.448s] -- Symlinking: /home/abhay/rplidar_slam_ws/install/rplidar_slam/share/rplidar_slam//launch/rplidar.launch.py
[11.466s] -- Symlinking: /home/abhay/rplidar_slam_ws/install/rplidar_slam/share/rplidar_slam//launch/rplidar_rviz.launch.py
[11.484s] -- Symlinking: /home/abhay/rplidar_slam_ws/install/rplidar_slam/share/rplidar_slam//launch/slam.launch.py
[11.503s] -- Symlinking: /home/abhay/rplidar_slam_ws/install/rplidar_slam/share/rplidar_slam//rviz/rplidar.rviz
[11.519s] -- Symlinking: /home/abhay/rplidar_slam_ws/install/rplidar_slam/share/rplidar_slam//rviz/slam.rviz
[11.537s] -- Symlinking: /home/abhay/rplidar_slam_ws/install/rplidar_slam/share/ament_index/resource_index/package_run_dependencies/rplidar_slam
[11.554s] -- Symlinking: /home/abhay/rplidar_slam_ws/install/rplidar_slam/share/ament_index/resource_index/parent_prefix_path/rplidar_slam
[11.573s] -- Symlinking: /home/abhay/rplidar_slam_ws/install/rplidar_slam/share/rplidar_slam/environment/ament_prefix_path.sh
[11.589s] -- Symlinking: /home/abhay/rplidar_slam_ws/install/rplidar_slam/share/rplidar_slam/environment/ament_prefix_path.dsv
[11.605s] -- Symlinking: /home/abhay/rplidar_slam_ws/install/rplidar_slam/share/rplidar_slam/environment/path.sh
[11.620s] -- Symlinking: /home/abhay/rplidar_slam_ws/install/rplidar_slam/share/rplidar_slam/environment/path.dsv
[11.638s] -- Symlinking: /home/abhay/rplidar_slam_ws/install/rplidar_slam/share/rplidar_slam/local_setup.bash
[11.656s] -- Symlinking: /home/abhay/rplidar_slam_ws/install/rplidar_slam/share/rplidar_slam/local_setup.sh
[11.676s] -- Symlinking: /home/abhay/rplidar_slam_ws/install/rplidar_slam/share/rplidar_slam/local_setup.zsh
[11.693s] -- Symlinking: /home/abhay/rplidar_slam_ws/install/rplidar_slam/share/rplidar_slam/local_setup.dsv
[11.711s] -- Symlinking: /home/abhay/rplidar_slam_ws/install/rplidar_slam/share/rplidar_slam/package.dsv
[11.729s] -- Symlinking: /home/abhay/rplidar_slam_ws/install/rplidar_slam/share/ament_index/resource_index/packages/rplidar_slam
[11.749s] -- Symlinking: /home/abhay/rplidar_slam_ws/install/rplidar_slam/share/rplidar_slam/cmake/rplidar_slamConfig.cmake
[11.770s] -- Symlinking: /home/abhay/rplidar_slam_ws/install/rplidar_slam/share/rplidar_slam/cmake/rplidar_slamConfig-version.cmake
[11.788s] -- Symlinking: /home/abhay/rplidar_slam_ws/install/rplidar_slam/share/rplidar_slam/package.xml
[11.811s] Invoked command in '/home/abhay/rplidar_slam_ws/build/rplidar_slam' returned '0': CMAKE_PREFIX_PATH=${CMAKE_PREFIX_PATH}:/opt/ros/humble /usr/bin/cmake --install /home/abhay/rplidar_slam_ws/build/rplidar_slam
