[0.269s] DEBUG:colcon:Command line arguments: ['/usr/bin/colcon', 'build', '--symlink-install']
[0.269s] DEBUG:colcon:Parsed command line arguments: Namespace(log_base=None, log_level=None, verb_name='build', build_base='build', install_base='install', merge_install=False, symlink_install=True, test_result_base=None, continue_on_error=False, executor='parallel', parallel_workers=12, event_handlers=None, ignore_user_meta=False, metas=['./colcon.meta'], base_paths=['.'], packages_ignore=None, packages_ignore_regex=None, paths=None, packages_up_to=None, packages_up_to_regex=None, packages_above=None, packages_above_and_dependencies=None, packages_above_depth=None, packages_select_by_dep=None, packages_skip_by_dep=None, packages_skip_up_to=None, packages_select_build_failed=False, packages_skip_build_finished=False, packages_select_test_failures=False, packages_skip_test_passed=False, packages_select=None, packages_skip=None, packages_select_regex=None, packages_skip_regex=None, packages_start=None, packages_end=None, allow_overriding=[], cmake_args=None, cmake_target=None, cmake_target_skip_unavailable=False, cmake_clean_cache=False, cmake_clean_first=False, cmake_force_configure=False, ament_cmake_args=None, catkin_cmake_args=None, catkin_skip_building_tests=False, verb_parser=<colcon_defaults.argument_parser.defaults.DefaultArgumentsDecorator object at 0x7d5cc3c1bd60>, verb_extension=<colcon_core.verb.build.BuildVerb object at 0x7d5cc3dc4970>, main=<bound method BuildVerb.main of <colcon_core.verb.build.BuildVerb object at 0x7d5cc3dc4970>>)
[0.560s] Level 1:colcon.colcon_core.package_discovery:discover_packages(colcon_meta) check parameters
[0.560s] Level 1:colcon.colcon_core.package_discovery:discover_packages(recursive) check parameters
[0.560s] Level 1:colcon.colcon_core.package_discovery:discover_packages(ignore) check parameters
[0.560s] Level 1:colcon.colcon_core.package_discovery:discover_packages(path) check parameters
[0.560s] Level 1:colcon.colcon_core.package_discovery:discover_packages(colcon_meta) discover
[0.560s] Level 1:colcon.colcon_core.package_discovery:discover_packages(recursive) discover
[0.560s] INFO:colcon.colcon_core.package_discovery:Crawling recursively for packages in '/home/abhay/rplidar_slam_ws'
[0.560s] Level 1:colcon.colcon_core.package_identification:_identify(.) by extensions ['ignore', 'ignore_ament_install']
[0.561s] Level 1:colcon.colcon_core.package_identification:_identify(.) by extension 'ignore'
[0.561s] Level 1:colcon.colcon_core.package_identification:_identify(.) by extension 'ignore_ament_install'
[0.561s] Level 1:colcon.colcon_core.package_identification:_identify(.) by extensions ['colcon_pkg']
[0.561s] Level 1:colcon.colcon_core.package_identification:_identify(.) by extension 'colcon_pkg'
[0.561s] Level 1:colcon.colcon_core.package_identification:_identify(.) by extensions ['colcon_meta']
[0.561s] Level 1:colcon.colcon_core.package_identification:_identify(.) by extension 'colcon_meta'
[0.561s] Level 1:colcon.colcon_core.package_identification:_identify(.) by extensions ['ros']
[0.561s] Level 1:colcon.colcon_core.package_identification:_identify(.) by extension 'ros'
[0.580s] Level 1:colcon.colcon_core.package_identification:_identify(.) by extensions ['cmake', 'python']
[0.580s] Level 1:colcon.colcon_core.package_identification:_identify(.) by extension 'cmake'
[0.580s] Level 1:colcon.colcon_core.package_identification:_identify(.) by extension 'python'
[0.580s] Level 1:colcon.colcon_core.package_identification:_identify(.) by extensions ['python_setup_py']
[0.580s] Level 1:colcon.colcon_core.package_identification:_identify(.) by extension 'python_setup_py'
[0.580s] Level 1:colcon.colcon_core.package_identification:_identify(build) by extensions ['ignore', 'ignore_ament_install']
[0.580s] Level 1:colcon.colcon_core.package_identification:_identify(build) by extension 'ignore'
[0.580s] Level 1:colcon.colcon_core.package_identification:_identify(build) ignored
[0.581s] Level 1:colcon.colcon_core.package_identification:_identify(install) by extensions ['ignore', 'ignore_ament_install']
[0.581s] Level 1:colcon.colcon_core.package_identification:_identify(install) by extension 'ignore'
[0.581s] Level 1:colcon.colcon_core.package_identification:_identify(install) ignored
[0.581s] Level 1:colcon.colcon_core.package_identification:_identify(log) by extensions ['ignore', 'ignore_ament_install']
[0.581s] Level 1:colcon.colcon_core.package_identification:_identify(log) by extension 'ignore'
[0.582s] Level 1:colcon.colcon_core.package_identification:_identify(log) ignored
[0.582s] Level 1:colcon.colcon_core.package_identification:_identify(src) by extensions ['ignore', 'ignore_ament_install']
[0.582s] Level 1:colcon.colcon_core.package_identification:_identify(src) by extension 'ignore'
[0.582s] Level 1:colcon.colcon_core.package_identification:_identify(src) by extension 'ignore_ament_install'
[0.582s] Level 1:colcon.colcon_core.package_identification:_identify(src) by extensions ['colcon_pkg']
[0.582s] Level 1:colcon.colcon_core.package_identification:_identify(src) by extension 'colcon_pkg'
[0.582s] Level 1:colcon.colcon_core.package_identification:_identify(src) by extensions ['colcon_meta']
[0.583s] Level 1:colcon.colcon_core.package_identification:_identify(src) by extension 'colcon_meta'
[0.583s] Level 1:colcon.colcon_core.package_identification:_identify(src) by extensions ['ros']
[0.583s] Level 1:colcon.colcon_core.package_identification:_identify(src) by extension 'ros'
[0.583s] Level 1:colcon.colcon_core.package_identification:_identify(src) by extensions ['cmake', 'python']
[0.583s] Level 1:colcon.colcon_core.package_identification:_identify(src) by extension 'cmake'
[0.583s] Level 1:colcon.colcon_core.package_identification:_identify(src) by extension 'python'
[0.583s] Level 1:colcon.colcon_core.package_identification:_identify(src) by extensions ['python_setup_py']
[0.583s] Level 1:colcon.colcon_core.package_identification:_identify(src) by extension 'python_setup_py'
[0.584s] Level 1:colcon.colcon_core.package_identification:_identify(src/rplidar_slam) by extensions ['ignore', 'ignore_ament_install']
[0.584s] Level 1:colcon.colcon_core.package_identification:_identify(src/rplidar_slam) by extension 'ignore'
[0.584s] Level 1:colcon.colcon_core.package_identification:_identify(src/rplidar_slam) by extension 'ignore_ament_install'
[0.584s] Level 1:colcon.colcon_core.package_identification:_identify(src/rplidar_slam) by extensions ['colcon_pkg']
[0.584s] Level 1:colcon.colcon_core.package_identification:_identify(src/rplidar_slam) by extension 'colcon_pkg'
[0.585s] Level 1:colcon.colcon_core.package_identification:_identify(src/rplidar_slam) by extensions ['colcon_meta']
[0.585s] Level 1:colcon.colcon_core.package_identification:_identify(src/rplidar_slam) by extension 'colcon_meta'
[0.585s] Level 1:colcon.colcon_core.package_identification:_identify(src/rplidar_slam) by extensions ['ros']
[0.585s] Level 1:colcon.colcon_core.package_identification:_identify(src/rplidar_slam) by extension 'ros'
[0.590s] DEBUG:colcon.colcon_core.package_identification:Package 'src/rplidar_slam' with type 'ros.ament_cmake' and name 'rplidar_slam'
[0.591s] Level 1:colcon.colcon_core.package_discovery:discover_packages(recursive) using defaults
[0.591s] Level 1:colcon.colcon_core.package_discovery:discover_packages(ignore) discover
[0.591s] Level 1:colcon.colcon_core.package_discovery:discover_packages(ignore) using defaults
[0.591s] Level 1:colcon.colcon_core.package_discovery:discover_packages(path) discover
[0.591s] Level 1:colcon.colcon_core.package_discovery:discover_packages(path) using defaults
[0.634s] Level 1:colcon.colcon_core.package_discovery:discover_packages(prefix_path) check parameters
[0.634s] Level 1:colcon.colcon_core.package_discovery:discover_packages(prefix_path) discover
[0.637s] WARNING:colcon.colcon_ros.prefix_path.ament:The path '/home/abhay/rplidar_slam_ws/install/rplidar_slam' in the environment variable AMENT_PREFIX_PATH doesn't exist
[0.637s] WARNING:colcon.colcon_ros.prefix_path.catkin:The path '/home/abhay/rplidar_slam_ws/install/rplidar_slam' in the environment variable CMAKE_PREFIX_PATH doesn't exist
[0.639s] DEBUG:colcon.colcon_installed_package_information.package_discovery:Found 0 installed packages in /home/abhay/rplidar_slam_ws/install
[0.640s] DEBUG:colcon.colcon_installed_package_information.package_discovery:Found 5 installed packages in /home/abhay/ros2_ws/install
[0.641s] DEBUG:colcon.colcon_installed_package_information.package_discovery:Found 1 installed packages in /home/abhay/lidar_ws/install
[0.646s] DEBUG:colcon.colcon_installed_package_information.package_discovery:Found 402 installed packages in /opt/ros/humble
[0.667s] Level 1:colcon.colcon_core.package_discovery:discover_packages(prefix_path) using defaults
[0.769s] Level 5:colcon.colcon_core.verb:set package 'rplidar_slam' build argument 'cmake_args' from command line to 'None'
[0.769s] Level 5:colcon.colcon_core.verb:set package 'rplidar_slam' build argument 'cmake_target' from command line to 'None'
[0.769s] Level 5:colcon.colcon_core.verb:set package 'rplidar_slam' build argument 'cmake_target_skip_unavailable' from command line to 'False'
[0.769s] Level 5:colcon.colcon_core.verb:set package 'rplidar_slam' build argument 'cmake_clean_cache' from command line to 'False'
[0.769s] Level 5:colcon.colcon_core.verb:set package 'rplidar_slam' build argument 'cmake_clean_first' from command line to 'False'
[0.769s] Level 5:colcon.colcon_core.verb:set package 'rplidar_slam' build argument 'cmake_force_configure' from command line to 'False'
[0.769s] Level 5:colcon.colcon_core.verb:set package 'rplidar_slam' build argument 'ament_cmake_args' from command line to 'None'
[0.769s] Level 5:colcon.colcon_core.verb:set package 'rplidar_slam' build argument 'catkin_cmake_args' from command line to 'None'
[0.769s] Level 5:colcon.colcon_core.verb:set package 'rplidar_slam' build argument 'catkin_skip_building_tests' from command line to 'False'
[0.769s] DEBUG:colcon.colcon_core.verb:Building package 'rplidar_slam' with the following arguments: {'ament_cmake_args': None, 'build_base': '/home/abhay/rplidar_slam_ws/build/rplidar_slam', 'catkin_cmake_args': None, 'catkin_skip_building_tests': False, 'cmake_args': None, 'cmake_clean_cache': False, 'cmake_clean_first': False, 'cmake_force_configure': False, 'cmake_target': None, 'cmake_target_skip_unavailable': False, 'install_base': '/home/abhay/rplidar_slam_ws/install/rplidar_slam', 'merge_install': False, 'path': '/home/abhay/rplidar_slam_ws/src/rplidar_slam', 'symlink_install': True, 'test_result_base': None}
[0.770s] INFO:colcon.colcon_core.executor:Executing jobs using 'parallel' executor
[0.771s] DEBUG:colcon.colcon_parallel_executor.executor.parallel:run_until_complete
[0.772s] INFO:colcon.colcon_ros.task.ament_cmake.build:Building ROS package in '/home/abhay/rplidar_slam_ws/src/rplidar_slam' with build type 'ament_cmake'
[0.773s] INFO:colcon.colcon_cmake.task.cmake.build:Building CMake package in '/home/abhay/rplidar_slam_ws/src/rplidar_slam'
[0.776s] INFO:colcon.colcon_core.plugin_system:Skipping extension 'colcon_core.shell.bat': Not used on non-Windows systems
[0.777s] INFO:colcon.colcon_core.shell:Skip shell extension 'powershell' for command environment: Not usable outside of PowerShell
[0.777s] DEBUG:colcon.colcon_core.shell:Skip shell extension 'dsv' for command environment
[0.802s] DEBUG:colcon.colcon_core.event_handler.log_command:Invoking command in '/home/abhay/rplidar_slam_ws/build/rplidar_slam': CMAKE_PREFIX_PATH=${CMAKE_PREFIX_PATH}:/opt/ros/humble /usr/bin/cmake /home/abhay/rplidar_slam_ws/src/rplidar_slam -DAMENT_CMAKE_SYMLINK_INSTALL=1 -DCMAKE_INSTALL_PREFIX=/home/abhay/rplidar_slam_ws/install/rplidar_slam
[15.618s] DEBUG:colcon.colcon_core.event_handler.log_command:Invoked command in '/home/abhay/rplidar_slam_ws/build/rplidar_slam' returned '0': CMAKE_PREFIX_PATH=${CMAKE_PREFIX_PATH}:/opt/ros/humble /usr/bin/cmake /home/abhay/rplidar_slam_ws/src/rplidar_slam -DAMENT_CMAKE_SYMLINK_INSTALL=1 -DCMAKE_INSTALL_PREFIX=/home/abhay/rplidar_slam_ws/install/rplidar_slam
[15.628s] DEBUG:colcon.colcon_core.event_handler.log_command:Invoking command in '/home/abhay/rplidar_slam_ws/build/rplidar_slam': CMAKE_PREFIX_PATH=${CMAKE_PREFIX_PATH}:/opt/ros/humble /usr/bin/cmake --build /home/abhay/rplidar_slam_ws/build/rplidar_slam -- -j12 -l12
[15.702s] DEBUG:colcon.colcon_core.event_handler.log_command:Invoked command in '/home/abhay/rplidar_slam_ws/build/rplidar_slam' returned '0': CMAKE_PREFIX_PATH=${CMAKE_PREFIX_PATH}:/opt/ros/humble /usr/bin/cmake --build /home/abhay/rplidar_slam_ws/build/rplidar_slam -- -j12 -l12
[15.721s] DEBUG:colcon.colcon_core.event_handler.log_command:Invoking command in '/home/abhay/rplidar_slam_ws/build/rplidar_slam': CMAKE_PREFIX_PATH=${CMAKE_PREFIX_PATH}:/opt/ros/humble /usr/bin/cmake --install /home/abhay/rplidar_slam_ws/build/rplidar_slam
[16.100s] Level 1:colcon.colcon_core.environment:create_environment_scripts_only(rplidar_slam)
[16.101s] DEBUG:colcon.colcon_core.event_handler.log_command:Invoked command in '/home/abhay/rplidar_slam_ws/build/rplidar_slam' returned '0': CMAKE_PREFIX_PATH=${CMAKE_PREFIX_PATH}:/opt/ros/humble /usr/bin/cmake --install /home/abhay/rplidar_slam_ws/build/rplidar_slam
[16.105s] Level 1:colcon.colcon_core.environment:checking '/home/abhay/rplidar_slam_ws/install/rplidar_slam' for CMake module files
[16.106s] Level 1:colcon.colcon_core.environment:checking '/home/abhay/rplidar_slam_ws/install/rplidar_slam' for CMake config files
[16.106s] Level 1:colcon.colcon_core.shell:create_environment_hook('rplidar_slam', 'cmake_prefix_path')
[16.107s] INFO:colcon.colcon_core.shell:Creating environment hook '/home/abhay/rplidar_slam_ws/install/rplidar_slam/share/rplidar_slam/hook/cmake_prefix_path.ps1'
[16.109s] INFO:colcon.colcon_core.shell:Creating environment descriptor '/home/abhay/rplidar_slam_ws/install/rplidar_slam/share/rplidar_slam/hook/cmake_prefix_path.dsv'
[16.109s] INFO:colcon.colcon_core.shell:Creating environment hook '/home/abhay/rplidar_slam_ws/install/rplidar_slam/share/rplidar_slam/hook/cmake_prefix_path.sh'
[16.111s] Level 1:colcon.colcon_core.environment:checking '/home/abhay/rplidar_slam_ws/install/rplidar_slam/bin'
[16.111s] Level 1:colcon.colcon_core.environment:checking '/home/abhay/rplidar_slam_ws/install/rplidar_slam/lib/pkgconfig/rplidar_slam.pc'
[16.111s] Level 1:colcon.colcon_core.environment:checking '/home/abhay/rplidar_slam_ws/install/rplidar_slam/lib/python3.10/site-packages'
[16.112s] Level 1:colcon.colcon_core.environment:checking '/home/abhay/rplidar_slam_ws/install/rplidar_slam/bin'
[16.113s] INFO:colcon.colcon_core.shell:Creating package script '/home/abhay/rplidar_slam_ws/install/rplidar_slam/share/rplidar_slam/package.ps1'
[16.114s] INFO:colcon.colcon_core.shell:Creating package descriptor '/home/abhay/rplidar_slam_ws/install/rplidar_slam/share/rplidar_slam/package.dsv'
[16.115s] INFO:colcon.colcon_core.shell:Creating package script '/home/abhay/rplidar_slam_ws/install/rplidar_slam/share/rplidar_slam/package.sh'
[16.116s] INFO:colcon.colcon_core.shell:Creating package script '/home/abhay/rplidar_slam_ws/install/rplidar_slam/share/rplidar_slam/package.bash'
[16.117s] INFO:colcon.colcon_core.shell:Creating package script '/home/abhay/rplidar_slam_ws/install/rplidar_slam/share/rplidar_slam/package.zsh'
[16.118s] Level 1:colcon.colcon_core.environment:create_file_with_runtime_dependencies(/home/abhay/rplidar_slam_ws/install/rplidar_slam/share/colcon-core/packages/rplidar_slam)
[16.120s] Level 1:colcon.colcon_core.environment:create_environment_scripts_only(rplidar_slam)
[16.120s] Level 1:colcon.colcon_core.environment:checking '/home/abhay/rplidar_slam_ws/install/rplidar_slam' for CMake module files
[16.121s] Level 1:colcon.colcon_core.environment:checking '/home/abhay/rplidar_slam_ws/install/rplidar_slam' for CMake config files
[16.121s] Level 1:colcon.colcon_core.shell:create_environment_hook('rplidar_slam', 'cmake_prefix_path')
[16.122s] INFO:colcon.colcon_core.shell:Creating environment hook '/home/abhay/rplidar_slam_ws/install/rplidar_slam/share/rplidar_slam/hook/cmake_prefix_path.ps1'
[16.122s] INFO:colcon.colcon_core.shell:Creating environment descriptor '/home/abhay/rplidar_slam_ws/install/rplidar_slam/share/rplidar_slam/hook/cmake_prefix_path.dsv'
[16.123s] INFO:colcon.colcon_core.shell:Creating environment hook '/home/abhay/rplidar_slam_ws/install/rplidar_slam/share/rplidar_slam/hook/cmake_prefix_path.sh'
[16.124s] Level 1:colcon.colcon_core.environment:checking '/home/abhay/rplidar_slam_ws/install/rplidar_slam/bin'
[16.124s] Level 1:colcon.colcon_core.environment:checking '/home/abhay/rplidar_slam_ws/install/rplidar_slam/lib/pkgconfig/rplidar_slam.pc'
[16.124s] Level 1:colcon.colcon_core.environment:checking '/home/abhay/rplidar_slam_ws/install/rplidar_slam/lib/python3.10/site-packages'
[16.125s] Level 1:colcon.colcon_core.environment:checking '/home/abhay/rplidar_slam_ws/install/rplidar_slam/bin'
[16.125s] INFO:colcon.colcon_core.shell:Creating package script '/home/abhay/rplidar_slam_ws/install/rplidar_slam/share/rplidar_slam/package.ps1'
[16.126s] INFO:colcon.colcon_core.shell:Creating package descriptor '/home/abhay/rplidar_slam_ws/install/rplidar_slam/share/rplidar_slam/package.dsv'
[16.127s] INFO:colcon.colcon_core.shell:Creating package script '/home/abhay/rplidar_slam_ws/install/rplidar_slam/share/rplidar_slam/package.sh'
[16.127s] INFO:colcon.colcon_core.shell:Creating package script '/home/abhay/rplidar_slam_ws/install/rplidar_slam/share/rplidar_slam/package.bash'
[16.128s] INFO:colcon.colcon_core.shell:Creating package script '/home/abhay/rplidar_slam_ws/install/rplidar_slam/share/rplidar_slam/package.zsh'
[16.129s] Level 1:colcon.colcon_core.environment:create_file_with_runtime_dependencies(/home/abhay/rplidar_slam_ws/install/rplidar_slam/share/colcon-core/packages/rplidar_slam)
[16.129s] DEBUG:colcon.colcon_parallel_executor.executor.parallel:closing loop
[16.130s] DEBUG:colcon.colcon_parallel_executor.executor.parallel:loop closed
[16.131s] DEBUG:colcon.colcon_parallel_executor.executor.parallel:run_until_complete finished with '0'
[16.131s] DEBUG:colcon.colcon_core.event_reactor:joining thread
[16.188s] INFO:colcon.colcon_core.plugin_system:Skipping extension 'colcon_notification.desktop_notification.notify_send': Could not find 'notify-send'
[16.188s] INFO:colcon.colcon_core.plugin_system:Skipping extension 'colcon_notification.desktop_notification.terminal_notifier': Not used on non-Darwin systems
[16.189s] INFO:colcon.colcon_core.plugin_system:Skipping extension 'colcon_notification.desktop_notification.win32': Not used on non-Windows systems
[16.189s] INFO:colcon.colcon_notification.desktop_notification:Sending desktop notification using 'notify2'
[16.189s] DEBUG:colcon.colcon_notification.desktop_notification.notify2:Failed to initialize notify2: org.freedesktop.DBus.Error.FileNotFound: Failed to connect to socket /run/user/1000/bus: No such file or directory
[16.189s] DEBUG:colcon.colcon_core.event_reactor:joined thread
[16.190s] INFO:colcon.colcon_core.shell:Creating prefix script '/home/abhay/rplidar_slam_ws/install/local_setup.ps1'
[16.191s] INFO:colcon.colcon_core.shell:Creating prefix util module '/home/abhay/rplidar_slam_ws/install/_local_setup_util_ps1.py'
[16.193s] INFO:colcon.colcon_core.shell:Creating prefix chain script '/home/abhay/rplidar_slam_ws/install/setup.ps1'
[16.194s] INFO:colcon.colcon_core.shell:Creating prefix script '/home/abhay/rplidar_slam_ws/install/local_setup.sh'
[16.195s] INFO:colcon.colcon_core.shell:Creating prefix util module '/home/abhay/rplidar_slam_ws/install/_local_setup_util_sh.py'
[16.196s] INFO:colcon.colcon_core.shell:Creating prefix chain script '/home/abhay/rplidar_slam_ws/install/setup.sh'
[16.198s] INFO:colcon.colcon_core.shell:Creating prefix script '/home/abhay/rplidar_slam_ws/install/local_setup.bash'
[16.199s] INFO:colcon.colcon_core.shell:Creating prefix chain script '/home/abhay/rplidar_slam_ws/install/setup.bash'
[16.201s] INFO:colcon.colcon_core.shell:Creating prefix script '/home/abhay/rplidar_slam_ws/install/local_setup.zsh'
[16.201s] INFO:colcon.colcon_core.shell:Creating prefix chain script '/home/abhay/rplidar_slam_ws/install/setup.zsh'
