[0.383s] DEBUG:colcon:Command line arguments: ['/usr/bin/colcon', 'build', '--symlink-install']
[0.383s] DEBUG:colcon:Parsed command line arguments: Namespace(log_base=None, log_level=None, verb_name='build', build_base='build', install_base='install', merge_install=False, symlink_install=True, test_result_base=None, continue_on_error=False, executor='parallel', parallel_workers=12, event_handlers=None, ignore_user_meta=False, metas=['./colcon.meta'], base_paths=['.'], packages_ignore=None, packages_ignore_regex=None, paths=None, packages_up_to=None, packages_up_to_regex=None, packages_above=None, packages_above_and_dependencies=None, packages_above_depth=None, packages_select_by_dep=None, packages_skip_by_dep=None, packages_skip_up_to=None, packages_select_build_failed=False, packages_skip_build_finished=False, packages_select_test_failures=False, packages_skip_test_passed=False, packages_select=None, packages_skip=None, packages_select_regex=None, packages_skip_regex=None, packages_start=None, packages_end=None, allow_overriding=[], cmake_args=None, cmake_target=None, cmake_target_skip_unavailable=False, cmake_clean_cache=False, cmake_clean_first=False, cmake_force_configure=False, ament_cmake_args=None, catkin_cmake_args=None, catkin_skip_building_tests=False, verb_parser=<colcon_defaults.argument_parser.defaults.DefaultArgumentsDecorator object at 0x7f8d1af07d60>, verb_extension=<colcon_core.verb.build.BuildVerb object at 0x7f8d1b0d0970>, main=<bound method BuildVerb.main of <colcon_core.verb.build.BuildVerb object at 0x7f8d1b0d0970>>)
[4.323s] Level 1:colcon.colcon_core.package_discovery:discover_packages(colcon_meta) check parameters
[4.323s] Level 1:colcon.colcon_core.package_discovery:discover_packages(recursive) check parameters
[4.323s] Level 1:colcon.colcon_core.package_discovery:discover_packages(ignore) check parameters
[4.323s] Level 1:colcon.colcon_core.package_discovery:discover_packages(path) check parameters
[4.323s] Level 1:colcon.colcon_core.package_discovery:discover_packages(colcon_meta) discover
[4.324s] Level 1:colcon.colcon_core.package_discovery:discover_packages(recursive) discover
[4.324s] INFO:colcon.colcon_core.package_discovery:Crawling recursively for packages in '/home/abhay/rplidar_slam_ws'
[4.324s] Level 1:colcon.colcon_core.package_identification:_identify(.) by extensions ['ignore', 'ignore_ament_install']
[4.324s] Level 1:colcon.colcon_core.package_identification:_identify(.) by extension 'ignore'
[4.324s] Level 1:colcon.colcon_core.package_identification:_identify(.) by extension 'ignore_ament_install'
[4.324s] Level 1:colcon.colcon_core.package_identification:_identify(.) by extensions ['colcon_pkg']
[4.324s] Level 1:colcon.colcon_core.package_identification:_identify(.) by extension 'colcon_pkg'
[4.324s] Level 1:colcon.colcon_core.package_identification:_identify(.) by extensions ['colcon_meta']
[4.325s] Level 1:colcon.colcon_core.package_identification:_identify(.) by extension 'colcon_meta'
[4.325s] Level 1:colcon.colcon_core.package_identification:_identify(.) by extensions ['ros']
[4.325s] Level 1:colcon.colcon_core.package_identification:_identify(.) by extension 'ros'
[4.346s] Level 1:colcon.colcon_core.package_identification:_identify(.) by extensions ['cmake', 'python']
[4.346s] Level 1:colcon.colcon_core.package_identification:_identify(.) by extension 'cmake'
[4.346s] Level 1:colcon.colcon_core.package_identification:_identify(.) by extension 'python'
[4.346s] Level 1:colcon.colcon_core.package_identification:_identify(.) by extensions ['python_setup_py']
[4.346s] Level 1:colcon.colcon_core.package_identification:_identify(.) by extension 'python_setup_py'
[4.346s] Level 1:colcon.colcon_core.package_identification:_identify(build) by extensions ['ignore', 'ignore_ament_install']
[4.346s] Level 1:colcon.colcon_core.package_identification:_identify(build) by extension 'ignore'
[4.347s] Level 1:colcon.colcon_core.package_identification:_identify(build) ignored
[4.347s] Level 1:colcon.colcon_core.package_identification:_identify(install) by extensions ['ignore', 'ignore_ament_install']
[4.347s] Level 1:colcon.colcon_core.package_identification:_identify(install) by extension 'ignore'
[4.347s] Level 1:colcon.colcon_core.package_identification:_identify(install) ignored
[4.347s] Level 1:colcon.colcon_core.package_identification:_identify(log) by extensions ['ignore', 'ignore_ament_install']
[4.347s] Level 1:colcon.colcon_core.package_identification:_identify(log) by extension 'ignore'
[4.347s] Level 1:colcon.colcon_core.package_identification:_identify(log) ignored
[4.348s] Level 1:colcon.colcon_core.package_identification:_identify(src) by extensions ['ignore', 'ignore_ament_install']
[4.348s] Level 1:colcon.colcon_core.package_identification:_identify(src) by extension 'ignore'
[4.348s] Level 1:colcon.colcon_core.package_identification:_identify(src) by extension 'ignore_ament_install'
[4.348s] Level 1:colcon.colcon_core.package_identification:_identify(src) by extensions ['colcon_pkg']
[4.348s] Level 1:colcon.colcon_core.package_identification:_identify(src) by extension 'colcon_pkg'
[4.349s] Level 1:colcon.colcon_core.package_identification:_identify(src) by extensions ['colcon_meta']
[4.349s] Level 1:colcon.colcon_core.package_identification:_identify(src) by extension 'colcon_meta'
[4.349s] Level 1:colcon.colcon_core.package_identification:_identify(src) by extensions ['ros']
[4.349s] Level 1:colcon.colcon_core.package_identification:_identify(src) by extension 'ros'
[4.350s] Level 1:colcon.colcon_core.package_identification:_identify(src) by extensions ['cmake', 'python']
[4.350s] Level 1:colcon.colcon_core.package_identification:_identify(src) by extension 'cmake'
[4.350s] Level 1:colcon.colcon_core.package_identification:_identify(src) by extension 'python'
[4.351s] Level 1:colcon.colcon_core.package_identification:_identify(src) by extensions ['python_setup_py']
[4.351s] Level 1:colcon.colcon_core.package_identification:_identify(src) by extension 'python_setup_py'
[4.351s] Level 1:colcon.colcon_core.package_identification:_identify(src/rplidar_slam) by extensions ['ignore', 'ignore_ament_install']
[4.351s] Level 1:colcon.colcon_core.package_identification:_identify(src/rplidar_slam) by extension 'ignore'
[4.351s] Level 1:colcon.colcon_core.package_identification:_identify(src/rplidar_slam) by extension 'ignore_ament_install'
[4.352s] Level 1:colcon.colcon_core.package_identification:_identify(src/rplidar_slam) by extensions ['colcon_pkg']
[4.352s] Level 1:colcon.colcon_core.package_identification:_identify(src/rplidar_slam) by extension 'colcon_pkg'
[4.352s] Level 1:colcon.colcon_core.package_identification:_identify(src/rplidar_slam) by extensions ['colcon_meta']
[4.352s] Level 1:colcon.colcon_core.package_identification:_identify(src/rplidar_slam) by extension 'colcon_meta'
[4.352s] Level 1:colcon.colcon_core.package_identification:_identify(src/rplidar_slam) by extensions ['ros']
[4.352s] Level 1:colcon.colcon_core.package_identification:_identify(src/rplidar_slam) by extension 'ros'
[4.383s] DEBUG:colcon.colcon_core.package_identification:Package 'src/rplidar_slam' with type 'ros.ament_cmake' and name 'rplidar_slam'
[4.383s] Level 1:colcon.colcon_core.package_discovery:discover_packages(recursive) using defaults
[4.384s] Level 1:colcon.colcon_core.package_discovery:discover_packages(ignore) discover
[4.384s] Level 1:colcon.colcon_core.package_discovery:discover_packages(ignore) using defaults
[4.384s] Level 1:colcon.colcon_core.package_discovery:discover_packages(path) discover
[4.384s] Level 1:colcon.colcon_core.package_discovery:discover_packages(path) using defaults
[4.453s] Level 1:colcon.colcon_core.package_discovery:discover_packages(prefix_path) check parameters
[4.453s] Level 1:colcon.colcon_core.package_discovery:discover_packages(prefix_path) discover
[4.456s] DEBUG:colcon.colcon_installed_package_information.package_discovery:Found 5 installed packages in /home/abhay/ros2_ws/install
[4.457s] DEBUG:colcon.colcon_installed_package_information.package_discovery:Found 1 installed packages in /home/abhay/lidar_ws/install
[4.460s] DEBUG:colcon.colcon_installed_package_information.package_discovery:Found 402 installed packages in /opt/ros/humble
[4.482s] Level 1:colcon.colcon_core.package_discovery:discover_packages(prefix_path) using defaults
[4.562s] Level 5:colcon.colcon_core.verb:set package 'rplidar_slam' build argument 'cmake_args' from command line to 'None'
[4.562s] Level 5:colcon.colcon_core.verb:set package 'rplidar_slam' build argument 'cmake_target' from command line to 'None'
[4.562s] Level 5:colcon.colcon_core.verb:set package 'rplidar_slam' build argument 'cmake_target_skip_unavailable' from command line to 'False'
[4.562s] Level 5:colcon.colcon_core.verb:set package 'rplidar_slam' build argument 'cmake_clean_cache' from command line to 'False'
[4.562s] Level 5:colcon.colcon_core.verb:set package 'rplidar_slam' build argument 'cmake_clean_first' from command line to 'False'
[4.562s] Level 5:colcon.colcon_core.verb:set package 'rplidar_slam' build argument 'cmake_force_configure' from command line to 'False'
[4.562s] Level 5:colcon.colcon_core.verb:set package 'rplidar_slam' build argument 'ament_cmake_args' from command line to 'None'
[4.562s] Level 5:colcon.colcon_core.verb:set package 'rplidar_slam' build argument 'catkin_cmake_args' from command line to 'None'
[4.562s] Level 5:colcon.colcon_core.verb:set package 'rplidar_slam' build argument 'catkin_skip_building_tests' from command line to 'False'
[4.562s] DEBUG:colcon.colcon_core.verb:Building package 'rplidar_slam' with the following arguments: {'ament_cmake_args': None, 'build_base': '/home/abhay/rplidar_slam_ws/build/rplidar_slam', 'catkin_cmake_args': None, 'catkin_skip_building_tests': False, 'cmake_args': None, 'cmake_clean_cache': False, 'cmake_clean_first': False, 'cmake_force_configure': False, 'cmake_target': None, 'cmake_target_skip_unavailable': False, 'install_base': '/home/abhay/rplidar_slam_ws/install/rplidar_slam', 'merge_install': False, 'path': '/home/abhay/rplidar_slam_ws/src/rplidar_slam', 'symlink_install': True, 'test_result_base': None}
[4.562s] INFO:colcon.colcon_core.executor:Executing jobs using 'parallel' executor
[4.564s] DEBUG:colcon.colcon_parallel_executor.executor.parallel:run_until_complete
[4.564s] INFO:colcon.colcon_ros.task.ament_cmake.build:Building ROS package in '/home/abhay/rplidar_slam_ws/src/rplidar_slam' with build type 'ament_cmake'
[4.565s] INFO:colcon.colcon_cmake.task.cmake.build:Building CMake package in '/home/abhay/rplidar_slam_ws/src/rplidar_slam'
[4.569s] INFO:colcon.colcon_core.plugin_system:Skipping extension 'colcon_core.shell.bat': Not used on non-Windows systems
[4.569s] INFO:colcon.colcon_core.shell:Skip shell extension 'powershell' for command environment: Not usable outside of PowerShell
[4.569s] DEBUG:colcon.colcon_core.shell:Skip shell extension 'dsv' for command environment
[4.593s] DEBUG:colcon.colcon_core.event_handler.log_command:Invoking command in '/home/abhay/rplidar_slam_ws/build/rplidar_slam': CMAKE_PREFIX_PATH=${CMAKE_PREFIX_PATH}:/opt/ros/humble /usr/bin/cmake --build /home/abhay/rplidar_slam_ws/build/rplidar_slam -- -j12 -l12
[4.687s] DEBUG:colcon.colcon_core.event_handler.log_command:Invoked command in '/home/abhay/rplidar_slam_ws/build/rplidar_slam' returned '0': CMAKE_PREFIX_PATH=${CMAKE_PREFIX_PATH}:/opt/ros/humble /usr/bin/cmake --build /home/abhay/rplidar_slam_ws/build/rplidar_slam -- -j12 -l12
[4.708s] DEBUG:colcon.colcon_core.event_handler.log_command:Invoking command in '/home/abhay/rplidar_slam_ws/build/rplidar_slam': CMAKE_PREFIX_PATH=${CMAKE_PREFIX_PATH}:/opt/ros/humble /usr/bin/cmake --install /home/abhay/rplidar_slam_ws/build/rplidar_slam
[4.771s] Level 1:colcon.colcon_core.environment:create_environment_scripts_only(rplidar_slam)
[4.773s] DEBUG:colcon.colcon_core.event_handler.log_command:Invoked command in '/home/abhay/rplidar_slam_ws/build/rplidar_slam' returned '0': CMAKE_PREFIX_PATH=${CMAKE_PREFIX_PATH}:/opt/ros/humble /usr/bin/cmake --install /home/abhay/rplidar_slam_ws/build/rplidar_slam
[4.778s] Level 1:colcon.colcon_core.environment:checking '/home/abhay/rplidar_slam_ws/install/rplidar_slam' for CMake module files
[4.779s] Level 1:colcon.colcon_core.environment:checking '/home/abhay/rplidar_slam_ws/install/rplidar_slam' for CMake config files
[4.780s] Level 1:colcon.colcon_core.shell:create_environment_hook('rplidar_slam', 'cmake_prefix_path')
[4.780s] INFO:colcon.colcon_core.shell:Creating environment hook '/home/abhay/rplidar_slam_ws/install/rplidar_slam/share/rplidar_slam/hook/cmake_prefix_path.ps1'
[4.782s] INFO:colcon.colcon_core.shell:Creating environment descriptor '/home/abhay/rplidar_slam_ws/install/rplidar_slam/share/rplidar_slam/hook/cmake_prefix_path.dsv'
[4.783s] INFO:colcon.colcon_core.shell:Creating environment hook '/home/abhay/rplidar_slam_ws/install/rplidar_slam/share/rplidar_slam/hook/cmake_prefix_path.sh'
[4.784s] Level 1:colcon.colcon_core.environment:checking '/home/abhay/rplidar_slam_ws/install/rplidar_slam/bin'
[4.784s] Level 1:colcon.colcon_core.environment:checking '/home/abhay/rplidar_slam_ws/install/rplidar_slam/lib/pkgconfig/rplidar_slam.pc'
[4.785s] Level 1:colcon.colcon_core.environment:checking '/home/abhay/rplidar_slam_ws/install/rplidar_slam/lib/python3.10/site-packages'
[4.785s] Level 1:colcon.colcon_core.environment:checking '/home/abhay/rplidar_slam_ws/install/rplidar_slam/bin'
[4.786s] INFO:colcon.colcon_core.shell:Creating package script '/home/abhay/rplidar_slam_ws/install/rplidar_slam/share/rplidar_slam/package.ps1'
[4.787s] INFO:colcon.colcon_core.shell:Creating package descriptor '/home/abhay/rplidar_slam_ws/install/rplidar_slam/share/rplidar_slam/package.dsv'
[4.787s] INFO:colcon.colcon_core.shell:Creating package script '/home/abhay/rplidar_slam_ws/install/rplidar_slam/share/rplidar_slam/package.sh'
[4.789s] INFO:colcon.colcon_core.shell:Creating package script '/home/abhay/rplidar_slam_ws/install/rplidar_slam/share/rplidar_slam/package.bash'
[4.790s] INFO:colcon.colcon_core.shell:Creating package script '/home/abhay/rplidar_slam_ws/install/rplidar_slam/share/rplidar_slam/package.zsh'
[4.791s] Level 1:colcon.colcon_core.environment:create_file_with_runtime_dependencies(/home/abhay/rplidar_slam_ws/install/rplidar_slam/share/colcon-core/packages/rplidar_slam)
[4.792s] Level 1:colcon.colcon_core.environment:create_environment_scripts_only(rplidar_slam)
[4.792s] Level 1:colcon.colcon_core.environment:checking '/home/abhay/rplidar_slam_ws/install/rplidar_slam' for CMake module files
[4.793s] Level 1:colcon.colcon_core.environment:checking '/home/abhay/rplidar_slam_ws/install/rplidar_slam' for CMake config files
[4.793s] Level 1:colcon.colcon_core.shell:create_environment_hook('rplidar_slam', 'cmake_prefix_path')
[4.794s] INFO:colcon.colcon_core.shell:Creating environment hook '/home/abhay/rplidar_slam_ws/install/rplidar_slam/share/rplidar_slam/hook/cmake_prefix_path.ps1'
[4.794s] INFO:colcon.colcon_core.shell:Creating environment descriptor '/home/abhay/rplidar_slam_ws/install/rplidar_slam/share/rplidar_slam/hook/cmake_prefix_path.dsv'
[4.795s] INFO:colcon.colcon_core.shell:Creating environment hook '/home/abhay/rplidar_slam_ws/install/rplidar_slam/share/rplidar_slam/hook/cmake_prefix_path.sh'
[4.796s] Level 1:colcon.colcon_core.environment:checking '/home/abhay/rplidar_slam_ws/install/rplidar_slam/bin'
[4.796s] Level 1:colcon.colcon_core.environment:checking '/home/abhay/rplidar_slam_ws/install/rplidar_slam/lib/pkgconfig/rplidar_slam.pc'
[4.796s] Level 1:colcon.colcon_core.environment:checking '/home/abhay/rplidar_slam_ws/install/rplidar_slam/lib/python3.10/site-packages'
[4.797s] Level 1:colcon.colcon_core.environment:checking '/home/abhay/rplidar_slam_ws/install/rplidar_slam/bin'
[4.797s] INFO:colcon.colcon_core.shell:Creating package script '/home/abhay/rplidar_slam_ws/install/rplidar_slam/share/rplidar_slam/package.ps1'
[4.798s] INFO:colcon.colcon_core.shell:Creating package descriptor '/home/abhay/rplidar_slam_ws/install/rplidar_slam/share/rplidar_slam/package.dsv'
[4.798s] INFO:colcon.colcon_core.shell:Creating package script '/home/abhay/rplidar_slam_ws/install/rplidar_slam/share/rplidar_slam/package.sh'
[4.799s] INFO:colcon.colcon_core.shell:Creating package script '/home/abhay/rplidar_slam_ws/install/rplidar_slam/share/rplidar_slam/package.bash'
[4.800s] INFO:colcon.colcon_core.shell:Creating package script '/home/abhay/rplidar_slam_ws/install/rplidar_slam/share/rplidar_slam/package.zsh'
[4.800s] Level 1:colcon.colcon_core.environment:create_file_with_runtime_dependencies(/home/abhay/rplidar_slam_ws/install/rplidar_slam/share/colcon-core/packages/rplidar_slam)
[4.801s] DEBUG:colcon.colcon_parallel_executor.executor.parallel:closing loop
[4.802s] DEBUG:colcon.colcon_parallel_executor.executor.parallel:loop closed
[4.802s] DEBUG:colcon.colcon_parallel_executor.executor.parallel:run_until_complete finished with '0'
[4.803s] DEBUG:colcon.colcon_core.event_reactor:joining thread
[4.864s] INFO:colcon.colcon_core.plugin_system:Skipping extension 'colcon_notification.desktop_notification.notify_send': Could not find 'notify-send'
[4.865s] INFO:colcon.colcon_core.plugin_system:Skipping extension 'colcon_notification.desktop_notification.terminal_notifier': Not used on non-Darwin systems
[4.865s] INFO:colcon.colcon_core.plugin_system:Skipping extension 'colcon_notification.desktop_notification.win32': Not used on non-Windows systems
[4.865s] INFO:colcon.colcon_notification.desktop_notification:Sending desktop notification using 'notify2'
[4.865s] DEBUG:colcon.colcon_notification.desktop_notification.notify2:Failed to initialize notify2: org.freedesktop.DBus.Error.FileNotFound: Failed to connect to socket /run/user/1000/bus: No such file or directory
[4.866s] DEBUG:colcon.colcon_core.event_reactor:joined thread
[4.866s] INFO:colcon.colcon_core.shell:Creating prefix script '/home/abhay/rplidar_slam_ws/install/local_setup.ps1'
[4.868s] INFO:colcon.colcon_core.shell:Creating prefix util module '/home/abhay/rplidar_slam_ws/install/_local_setup_util_ps1.py'
[4.871s] INFO:colcon.colcon_core.shell:Creating prefix chain script '/home/abhay/rplidar_slam_ws/install/setup.ps1'
[4.873s] INFO:colcon.colcon_core.shell:Creating prefix script '/home/abhay/rplidar_slam_ws/install/local_setup.sh'
[4.874s] INFO:colcon.colcon_core.shell:Creating prefix util module '/home/abhay/rplidar_slam_ws/install/_local_setup_util_sh.py'
[4.875s] INFO:colcon.colcon_core.shell:Creating prefix chain script '/home/abhay/rplidar_slam_ws/install/setup.sh'
[4.878s] INFO:colcon.colcon_core.shell:Creating prefix script '/home/abhay/rplidar_slam_ws/install/local_setup.bash'
[4.878s] INFO:colcon.colcon_core.shell:Creating prefix chain script '/home/abhay/rplidar_slam_ws/install/setup.bash'
[4.880s] INFO:colcon.colcon_core.shell:Creating prefix script '/home/abhay/rplidar_slam_ws/install/local_setup.zsh'
[4.881s] INFO:colcon.colcon_core.shell:Creating prefix chain script '/home/abhay/rplidar_slam_ws/install/setup.zsh'
