[0.294s] DEBUG:colcon:Command line arguments: ['/usr/bin/colcon', 'build', '--packages-select', 'rplidar_slam']
[0.294s] DEBUG:colcon:Parsed command line arguments: Namespace(log_base=None, log_level=None, verb_name='build', build_base='build', install_base='install', merge_install=False, symlink_install=False, test_result_base=None, continue_on_error=False, executor='parallel', parallel_workers=12, event_handlers=None, ignore_user_meta=False, metas=['./colcon.meta'], base_paths=['.'], packages_ignore=None, packages_ignore_regex=None, paths=None, packages_up_to=None, packages_up_to_regex=None, packages_above=None, packages_above_and_dependencies=None, packages_above_depth=None, packages_select_by_dep=None, packages_skip_by_dep=None, packages_skip_up_to=None, packages_select_build_failed=False, packages_skip_build_finished=False, packages_select_test_failures=False, packages_skip_test_passed=False, packages_select=['rplidar_slam'], packages_skip=None, packages_select_regex=None, packages_skip_regex=None, packages_start=None, packages_end=None, allow_overriding=[], cmake_args=None, cmake_target=None, cmake_target_skip_unavailable=False, cmake_clean_cache=False, cmake_clean_first=False, cmake_force_configure=False, ament_cmake_args=None, catkin_cmake_args=None, catkin_skip_building_tests=False, verb_parser=<colcon_defaults.argument_parser.defaults.DefaultArgumentsDecorator object at 0x70fa63db3d90>, verb_extension=<colcon_core.verb.build.BuildVerb object at 0x70fa63fd89a0>, main=<bound method BuildVerb.main of <colcon_core.verb.build.BuildVerb object at 0x70fa63fd89a0>>)
[0.555s] Level 1:colcon.colcon_core.package_discovery:discover_packages(colcon_meta) check parameters
[0.555s] Level 1:colcon.colcon_core.package_discovery:discover_packages(recursive) check parameters
[0.555s] Level 1:colcon.colcon_core.package_discovery:discover_packages(ignore) check parameters
[0.555s] Level 1:colcon.colcon_core.package_discovery:discover_packages(path) check parameters
[0.555s] Level 1:colcon.colcon_core.package_discovery:discover_packages(colcon_meta) discover
[0.555s] Level 1:colcon.colcon_core.package_discovery:discover_packages(recursive) discover
[0.555s] INFO:colcon.colcon_core.package_discovery:Crawling recursively for packages in '/home/abhay/rplidar_slam_ws'
[0.555s] Level 1:colcon.colcon_core.package_identification:_identify(.) by extensions ['ignore', 'ignore_ament_install']
[0.556s] Level 1:colcon.colcon_core.package_identification:_identify(.) by extension 'ignore'
[0.556s] Level 1:colcon.colcon_core.package_identification:_identify(.) by extension 'ignore_ament_install'
[0.556s] Level 1:colcon.colcon_core.package_identification:_identify(.) by extensions ['colcon_pkg']
[0.556s] Level 1:colcon.colcon_core.package_identification:_identify(.) by extension 'colcon_pkg'
[0.556s] Level 1:colcon.colcon_core.package_identification:_identify(.) by extensions ['colcon_meta']
[0.556s] Level 1:colcon.colcon_core.package_identification:_identify(.) by extension 'colcon_meta'
[0.556s] Level 1:colcon.colcon_core.package_identification:_identify(.) by extensions ['ros']
[0.556s] Level 1:colcon.colcon_core.package_identification:_identify(.) by extension 'ros'
[0.573s] Level 1:colcon.colcon_core.package_identification:_identify(.) by extensions ['cmake', 'python']
[0.573s] Level 1:colcon.colcon_core.package_identification:_identify(.) by extension 'cmake'
[0.573s] Level 1:colcon.colcon_core.package_identification:_identify(.) by extension 'python'
[0.574s] Level 1:colcon.colcon_core.package_identification:_identify(.) by extensions ['python_setup_py']
[0.574s] Level 1:colcon.colcon_core.package_identification:_identify(.) by extension 'python_setup_py'
[0.574s] Level 1:colcon.colcon_core.package_identification:_identify(build) by extensions ['ignore', 'ignore_ament_install']
[0.574s] Level 1:colcon.colcon_core.package_identification:_identify(build) by extension 'ignore'
[0.574s] Level 1:colcon.colcon_core.package_identification:_identify(build) ignored
[0.574s] Level 1:colcon.colcon_core.package_identification:_identify(install) by extensions ['ignore', 'ignore_ament_install']
[0.574s] Level 1:colcon.colcon_core.package_identification:_identify(install) by extension 'ignore'
[0.575s] Level 1:colcon.colcon_core.package_identification:_identify(install) ignored
[0.575s] Level 1:colcon.colcon_core.package_identification:_identify(log) by extensions ['ignore', 'ignore_ament_install']
[0.575s] Level 1:colcon.colcon_core.package_identification:_identify(log) by extension 'ignore'
[0.575s] Level 1:colcon.colcon_core.package_identification:_identify(log) ignored
[0.575s] Level 1:colcon.colcon_core.package_identification:_identify(src) by extensions ['ignore', 'ignore_ament_install']
[0.575s] Level 1:colcon.colcon_core.package_identification:_identify(src) by extension 'ignore'
[0.575s] Level 1:colcon.colcon_core.package_identification:_identify(src) by extension 'ignore_ament_install'
[0.575s] Level 1:colcon.colcon_core.package_identification:_identify(src) by extensions ['colcon_pkg']
[0.575s] Level 1:colcon.colcon_core.package_identification:_identify(src) by extension 'colcon_pkg'
[0.575s] Level 1:colcon.colcon_core.package_identification:_identify(src) by extensions ['colcon_meta']
[0.575s] Level 1:colcon.colcon_core.package_identification:_identify(src) by extension 'colcon_meta'
[0.576s] Level 1:colcon.colcon_core.package_identification:_identify(src) by extensions ['ros']
[0.576s] Level 1:colcon.colcon_core.package_identification:_identify(src) by extension 'ros'
[0.576s] Level 1:colcon.colcon_core.package_identification:_identify(src) by extensions ['cmake', 'python']
[0.576s] Level 1:colcon.colcon_core.package_identification:_identify(src) by extension 'cmake'
[0.576s] Level 1:colcon.colcon_core.package_identification:_identify(src) by extension 'python'
[0.576s] Level 1:colcon.colcon_core.package_identification:_identify(src) by extensions ['python_setup_py']
[0.576s] Level 1:colcon.colcon_core.package_identification:_identify(src) by extension 'python_setup_py'
[0.576s] Level 1:colcon.colcon_core.package_identification:_identify(src/rplidar_slam) by extensions ['ignore', 'ignore_ament_install']
[0.576s] Level 1:colcon.colcon_core.package_identification:_identify(src/rplidar_slam) by extension 'ignore'
[0.576s] Level 1:colcon.colcon_core.package_identification:_identify(src/rplidar_slam) by extension 'ignore_ament_install'
[0.576s] Level 1:colcon.colcon_core.package_identification:_identify(src/rplidar_slam) by extensions ['colcon_pkg']
[0.576s] Level 1:colcon.colcon_core.package_identification:_identify(src/rplidar_slam) by extension 'colcon_pkg'
[0.576s] Level 1:colcon.colcon_core.package_identification:_identify(src/rplidar_slam) by extensions ['colcon_meta']
[0.577s] Level 1:colcon.colcon_core.package_identification:_identify(src/rplidar_slam) by extension 'colcon_meta'
[0.577s] Level 1:colcon.colcon_core.package_identification:_identify(src/rplidar_slam) by extensions ['ros']
[0.577s] Level 1:colcon.colcon_core.package_identification:_identify(src/rplidar_slam) by extension 'ros'
[0.580s] DEBUG:colcon.colcon_core.package_identification:Package 'src/rplidar_slam' with type 'ros.ament_cmake' and name 'rplidar_slam'
[0.581s] Level 1:colcon.colcon_core.package_discovery:discover_packages(recursive) using defaults
[0.581s] Level 1:colcon.colcon_core.package_discovery:discover_packages(ignore) discover
[0.581s] Level 1:colcon.colcon_core.package_discovery:discover_packages(ignore) using defaults
[0.581s] Level 1:colcon.colcon_core.package_discovery:discover_packages(path) discover
[0.581s] Level 1:colcon.colcon_core.package_discovery:discover_packages(path) using defaults
[0.611s] Level 1:colcon.colcon_core.package_discovery:discover_packages(prefix_path) check parameters
[0.611s] Level 1:colcon.colcon_core.package_discovery:discover_packages(prefix_path) discover
[0.613s] DEBUG:colcon.colcon_installed_package_information.package_discovery:Found 5 installed packages in /home/abhay/ros2_ws/install
[0.614s] DEBUG:colcon.colcon_installed_package_information.package_discovery:Found 1 installed packages in /home/abhay/lidar_ws/install
[0.617s] DEBUG:colcon.colcon_installed_package_information.package_discovery:Found 402 installed packages in /opt/ros/humble
[0.635s] Level 1:colcon.colcon_core.package_discovery:discover_packages(prefix_path) using defaults
[0.704s] Level 5:colcon.colcon_core.verb:set package 'rplidar_slam' build argument 'cmake_args' from command line to 'None'
[0.704s] Level 5:colcon.colcon_core.verb:set package 'rplidar_slam' build argument 'cmake_target' from command line to 'None'
[0.704s] Level 5:colcon.colcon_core.verb:set package 'rplidar_slam' build argument 'cmake_target_skip_unavailable' from command line to 'False'
[0.704s] Level 5:colcon.colcon_core.verb:set package 'rplidar_slam' build argument 'cmake_clean_cache' from command line to 'False'
[0.704s] Level 5:colcon.colcon_core.verb:set package 'rplidar_slam' build argument 'cmake_clean_first' from command line to 'False'
[0.704s] Level 5:colcon.colcon_core.verb:set package 'rplidar_slam' build argument 'cmake_force_configure' from command line to 'False'
[0.704s] Level 5:colcon.colcon_core.verb:set package 'rplidar_slam' build argument 'ament_cmake_args' from command line to 'None'
[0.705s] Level 5:colcon.colcon_core.verb:set package 'rplidar_slam' build argument 'catkin_cmake_args' from command line to 'None'
[0.705s] Level 5:colcon.colcon_core.verb:set package 'rplidar_slam' build argument 'catkin_skip_building_tests' from command line to 'False'
[0.705s] DEBUG:colcon.colcon_core.verb:Building package 'rplidar_slam' with the following arguments: {'ament_cmake_args': None, 'build_base': '/home/abhay/rplidar_slam_ws/build/rplidar_slam', 'catkin_cmake_args': None, 'catkin_skip_building_tests': False, 'cmake_args': None, 'cmake_clean_cache': False, 'cmake_clean_first': False, 'cmake_force_configure': False, 'cmake_target': None, 'cmake_target_skip_unavailable': False, 'install_base': '/home/abhay/rplidar_slam_ws/install/rplidar_slam', 'merge_install': False, 'path': '/home/abhay/rplidar_slam_ws/src/rplidar_slam', 'symlink_install': False, 'test_result_base': None}
[0.705s] INFO:colcon.colcon_core.executor:Executing jobs using 'parallel' executor
[0.706s] DEBUG:colcon.colcon_parallel_executor.executor.parallel:run_until_complete
[0.707s] INFO:colcon.colcon_ros.task.ament_cmake.build:Building ROS package in '/home/abhay/rplidar_slam_ws/src/rplidar_slam' with build type 'ament_cmake'
[0.707s] INFO:colcon.colcon_cmake.task.cmake.build:Building CMake package in '/home/abhay/rplidar_slam_ws/src/rplidar_slam'
[0.711s] INFO:colcon.colcon_core.plugin_system:Skipping extension 'colcon_core.shell.bat': Not used on non-Windows systems
[0.712s] INFO:colcon.colcon_core.shell:Skip shell extension 'powershell' for command environment: Not usable outside of PowerShell
[0.712s] DEBUG:colcon.colcon_core.shell:Skip shell extension 'dsv' for command environment
[0.735s] DEBUG:colcon.colcon_core.event_handler.log_command:Invoking command in '/home/abhay/rplidar_slam_ws/build/rplidar_slam': CMAKE_PREFIX_PATH=${CMAKE_PREFIX_PATH}:/opt/ros/humble /usr/bin/cmake /home/abhay/rplidar_slam_ws/src/rplidar_slam -DCMAKE_INSTALL_PREFIX=/home/abhay/rplidar_slam_ws/install/rplidar_slam
[8.633s] DEBUG:colcon.colcon_core.event_handler.log_command:Invoked command in '/home/abhay/rplidar_slam_ws/build/rplidar_slam' returned '0': CMAKE_PREFIX_PATH=${CMAKE_PREFIX_PATH}:/opt/ros/humble /usr/bin/cmake /home/abhay/rplidar_slam_ws/src/rplidar_slam -DCMAKE_INSTALL_PREFIX=/home/abhay/rplidar_slam_ws/install/rplidar_slam
[8.636s] DEBUG:colcon.colcon_core.event_handler.log_command:Invoking command in '/home/abhay/rplidar_slam_ws/build/rplidar_slam': CMAKE_PREFIX_PATH=${CMAKE_PREFIX_PATH}:/opt/ros/humble /usr/bin/cmake --build /home/abhay/rplidar_slam_ws/build/rplidar_slam -- -j12 -l12
[8.719s] DEBUG:colcon.colcon_core.event_handler.log_command:Invoked command in '/home/abhay/rplidar_slam_ws/build/rplidar_slam' returned '0': CMAKE_PREFIX_PATH=${CMAKE_PREFIX_PATH}:/opt/ros/humble /usr/bin/cmake --build /home/abhay/rplidar_slam_ws/build/rplidar_slam -- -j12 -l12
[8.741s] DEBUG:colcon.colcon_core.event_handler.log_command:Invoking command in '/home/abhay/rplidar_slam_ws/build/rplidar_slam': CMAKE_PREFIX_PATH=${CMAKE_PREFIX_PATH}:/opt/ros/humble /usr/bin/cmake --install /home/abhay/rplidar_slam_ws/build/rplidar_slam
[8.805s] Level 1:colcon.colcon_core.environment:create_environment_scripts_only(rplidar_slam)
[8.807s] DEBUG:colcon.colcon_core.event_handler.log_command:Invoked command in '/home/abhay/rplidar_slam_ws/build/rplidar_slam' returned '0': CMAKE_PREFIX_PATH=${CMAKE_PREFIX_PATH}:/opt/ros/humble /usr/bin/cmake --install /home/abhay/rplidar_slam_ws/build/rplidar_slam
[8.810s] Level 1:colcon.colcon_core.environment:checking '/home/abhay/rplidar_slam_ws/install/rplidar_slam' for CMake module files
[8.811s] Level 1:colcon.colcon_core.environment:checking '/home/abhay/rplidar_slam_ws/install/rplidar_slam' for CMake config files
[8.811s] Level 1:colcon.colcon_core.shell:create_environment_hook('rplidar_slam', 'cmake_prefix_path')
[8.811s] INFO:colcon.colcon_core.shell:Creating environment hook '/home/abhay/rplidar_slam_ws/install/rplidar_slam/share/rplidar_slam/hook/cmake_prefix_path.ps1'
[8.812s] INFO:colcon.colcon_core.shell:Creating environment descriptor '/home/abhay/rplidar_slam_ws/install/rplidar_slam/share/rplidar_slam/hook/cmake_prefix_path.dsv'
[8.813s] INFO:colcon.colcon_core.shell:Creating environment hook '/home/abhay/rplidar_slam_ws/install/rplidar_slam/share/rplidar_slam/hook/cmake_prefix_path.sh'
[8.814s] Level 1:colcon.colcon_core.environment:checking '/home/abhay/rplidar_slam_ws/install/rplidar_slam/bin'
[8.815s] Level 1:colcon.colcon_core.environment:checking '/home/abhay/rplidar_slam_ws/install/rplidar_slam/lib/pkgconfig/rplidar_slam.pc'
[8.815s] Level 1:colcon.colcon_core.environment:checking '/home/abhay/rplidar_slam_ws/install/rplidar_slam/lib/python3.10/site-packages'
[8.815s] Level 1:colcon.colcon_core.environment:checking '/home/abhay/rplidar_slam_ws/install/rplidar_slam/bin'
[8.816s] INFO:colcon.colcon_core.shell:Creating package script '/home/abhay/rplidar_slam_ws/install/rplidar_slam/share/rplidar_slam/package.ps1'
[8.817s] INFO:colcon.colcon_core.shell:Creating package descriptor '/home/abhay/rplidar_slam_ws/install/rplidar_slam/share/rplidar_slam/package.dsv'
[8.818s] INFO:colcon.colcon_core.shell:Creating package script '/home/abhay/rplidar_slam_ws/install/rplidar_slam/share/rplidar_slam/package.sh'
[8.820s] INFO:colcon.colcon_core.shell:Creating package script '/home/abhay/rplidar_slam_ws/install/rplidar_slam/share/rplidar_slam/package.bash'
[8.821s] INFO:colcon.colcon_core.shell:Creating package script '/home/abhay/rplidar_slam_ws/install/rplidar_slam/share/rplidar_slam/package.zsh'
[8.822s] Level 1:colcon.colcon_core.environment:create_file_with_runtime_dependencies(/home/abhay/rplidar_slam_ws/install/rplidar_slam/share/colcon-core/packages/rplidar_slam)
[8.823s] Level 1:colcon.colcon_core.environment:create_environment_scripts_only(rplidar_slam)
[8.824s] Level 1:colcon.colcon_core.environment:checking '/home/abhay/rplidar_slam_ws/install/rplidar_slam' for CMake module files
[8.824s] Level 1:colcon.colcon_core.environment:checking '/home/abhay/rplidar_slam_ws/install/rplidar_slam' for CMake config files
[8.825s] Level 1:colcon.colcon_core.shell:create_environment_hook('rplidar_slam', 'cmake_prefix_path')
[8.825s] INFO:colcon.colcon_core.shell:Creating environment hook '/home/abhay/rplidar_slam_ws/install/rplidar_slam/share/rplidar_slam/hook/cmake_prefix_path.ps1'
[8.826s] INFO:colcon.colcon_core.shell:Creating environment descriptor '/home/abhay/rplidar_slam_ws/install/rplidar_slam/share/rplidar_slam/hook/cmake_prefix_path.dsv'
[8.827s] INFO:colcon.colcon_core.shell:Creating environment hook '/home/abhay/rplidar_slam_ws/install/rplidar_slam/share/rplidar_slam/hook/cmake_prefix_path.sh'
[8.828s] Level 1:colcon.colcon_core.environment:checking '/home/abhay/rplidar_slam_ws/install/rplidar_slam/bin'
[8.828s] Level 1:colcon.colcon_core.environment:checking '/home/abhay/rplidar_slam_ws/install/rplidar_slam/lib/pkgconfig/rplidar_slam.pc'
[8.828s] Level 1:colcon.colcon_core.environment:checking '/home/abhay/rplidar_slam_ws/install/rplidar_slam/lib/python3.10/site-packages'
[8.829s] Level 1:colcon.colcon_core.environment:checking '/home/abhay/rplidar_slam_ws/install/rplidar_slam/bin'
[8.829s] INFO:colcon.colcon_core.shell:Creating package script '/home/abhay/rplidar_slam_ws/install/rplidar_slam/share/rplidar_slam/package.ps1'
[8.830s] INFO:colcon.colcon_core.shell:Creating package descriptor '/home/abhay/rplidar_slam_ws/install/rplidar_slam/share/rplidar_slam/package.dsv'
[8.831s] INFO:colcon.colcon_core.shell:Creating package script '/home/abhay/rplidar_slam_ws/install/rplidar_slam/share/rplidar_slam/package.sh'
[8.832s] INFO:colcon.colcon_core.shell:Creating package script '/home/abhay/rplidar_slam_ws/install/rplidar_slam/share/rplidar_slam/package.bash'
[8.833s] INFO:colcon.colcon_core.shell:Creating package script '/home/abhay/rplidar_slam_ws/install/rplidar_slam/share/rplidar_slam/package.zsh'
[8.833s] Level 1:colcon.colcon_core.environment:create_file_with_runtime_dependencies(/home/abhay/rplidar_slam_ws/install/rplidar_slam/share/colcon-core/packages/rplidar_slam)
[8.834s] DEBUG:colcon.colcon_parallel_executor.executor.parallel:closing loop
[8.835s] DEBUG:colcon.colcon_parallel_executor.executor.parallel:loop closed
[8.835s] DEBUG:colcon.colcon_parallel_executor.executor.parallel:run_until_complete finished with '0'
[8.836s] DEBUG:colcon.colcon_core.event_reactor:joining thread
[8.896s] INFO:colcon.colcon_core.plugin_system:Skipping extension 'colcon_notification.desktop_notification.notify_send': Could not find 'notify-send'
[8.896s] INFO:colcon.colcon_core.plugin_system:Skipping extension 'colcon_notification.desktop_notification.terminal_notifier': Not used on non-Darwin systems
[8.896s] INFO:colcon.colcon_core.plugin_system:Skipping extension 'colcon_notification.desktop_notification.win32': Not used on non-Windows systems
[8.896s] INFO:colcon.colcon_notification.desktop_notification:Sending desktop notification using 'notify2'
[8.897s] DEBUG:colcon.colcon_notification.desktop_notification.notify2:Failed to initialize notify2: org.freedesktop.DBus.Error.FileNotFound: Failed to connect to socket /run/user/1000/bus: No such file or directory
[8.897s] DEBUG:colcon.colcon_core.event_reactor:joined thread
[8.898s] INFO:colcon.colcon_core.shell:Creating prefix script '/home/abhay/rplidar_slam_ws/install/local_setup.ps1'
[8.899s] INFO:colcon.colcon_core.shell:Creating prefix util module '/home/abhay/rplidar_slam_ws/install/_local_setup_util_ps1.py'
[8.901s] INFO:colcon.colcon_core.shell:Creating prefix chain script '/home/abhay/rplidar_slam_ws/install/setup.ps1'
[8.904s] INFO:colcon.colcon_core.shell:Creating prefix script '/home/abhay/rplidar_slam_ws/install/local_setup.sh'
[8.905s] INFO:colcon.colcon_core.shell:Creating prefix util module '/home/abhay/rplidar_slam_ws/install/_local_setup_util_sh.py'
[8.906s] INFO:colcon.colcon_core.shell:Creating prefix chain script '/home/abhay/rplidar_slam_ws/install/setup.sh'
[8.909s] INFO:colcon.colcon_core.shell:Creating prefix script '/home/abhay/rplidar_slam_ws/install/local_setup.bash'
[8.910s] INFO:colcon.colcon_core.shell:Creating prefix chain script '/home/abhay/rplidar_slam_ws/install/setup.bash'
[8.912s] INFO:colcon.colcon_core.shell:Creating prefix script '/home/abhay/rplidar_slam_ws/install/local_setup.zsh'
[8.912s] INFO:colcon.colcon_core.shell:Creating prefix chain script '/home/abhay/rplidar_slam_ws/install/setup.zsh'
