[3.844s] DEBUG:colcon:Command line arguments: ['/usr/bin/colcon', 'build', '--packages-select', 'rplidar_slam', '--symlink-install']
[3.844s] DEBUG:colcon:Parsed command line arguments: Namespace(log_base=None, log_level=None, verb_name='build', build_base='build', install_base='install', merge_install=False, symlink_install=True, test_result_base=None, continue_on_error=False, executor='parallel', parallel_workers=12, event_handlers=None, ignore_user_meta=False, metas=['./colcon.meta'], base_paths=['.'], packages_ignore=None, packages_ignore_regex=None, paths=None, packages_up_to=None, packages_up_to_regex=None, packages_above=None, packages_above_and_dependencies=None, packages_above_depth=None, packages_select_by_dep=None, packages_skip_by_dep=None, packages_skip_up_to=None, packages_select_build_failed=False, packages_skip_build_finished=False, packages_select_test_failures=False, packages_skip_test_passed=False, packages_select=['rplidar_slam'], packages_skip=None, packages_select_regex=None, packages_skip_regex=None, packages_start=None, packages_end=None, allow_overriding=[], cmake_args=None, cmake_target=None, cmake_target_skip_unavailable=False, cmake_clean_cache=False, cmake_clean_first=False, cmake_force_configure=False, ament_cmake_args=None, catkin_cmake_args=None, catkin_skip_building_tests=False, verb_parser=<colcon_defaults.argument_parser.defaults.DefaultArgumentsDecorator object at 0x73b54eca7dc0>, verb_extension=<colcon_core.verb.build.BuildVerb object at 0x73b54eecc9d0>, main=<bound method BuildVerb.main of <colcon_core.verb.build.BuildVerb object at 0x73b54eecc9d0>>)
[4.138s] Level 1:colcon.colcon_core.package_discovery:discover_packages(colcon_meta) check parameters
[4.138s] Level 1:colcon.colcon_core.package_discovery:discover_packages(recursive) check parameters
[4.138s] Level 1:colcon.colcon_core.package_discovery:discover_packages(ignore) check parameters
[4.138s] Level 1:colcon.colcon_core.package_discovery:discover_packages(path) check parameters
[4.139s] Level 1:colcon.colcon_core.package_discovery:discover_packages(colcon_meta) discover
[4.139s] Level 1:colcon.colcon_core.package_discovery:discover_packages(recursive) discover
[4.139s] INFO:colcon.colcon_core.package_discovery:Crawling recursively for packages in '/home/abhay/rplidar_slam_ws'
[4.139s] Level 1:colcon.colcon_core.package_identification:_identify(.) by extensions ['ignore', 'ignore_ament_install']
[4.139s] Level 1:colcon.colcon_core.package_identification:_identify(.) by extension 'ignore'
[4.139s] Level 1:colcon.colcon_core.package_identification:_identify(.) by extension 'ignore_ament_install'
[4.140s] Level 1:colcon.colcon_core.package_identification:_identify(.) by extensions ['colcon_pkg']
[4.140s] Level 1:colcon.colcon_core.package_identification:_identify(.) by extension 'colcon_pkg'
[4.140s] Level 1:colcon.colcon_core.package_identification:_identify(.) by extensions ['colcon_meta']
[4.140s] Level 1:colcon.colcon_core.package_identification:_identify(.) by extension 'colcon_meta'
[4.140s] Level 1:colcon.colcon_core.package_identification:_identify(.) by extensions ['ros']
[4.140s] Level 1:colcon.colcon_core.package_identification:_identify(.) by extension 'ros'
[4.160s] Level 1:colcon.colcon_core.package_identification:_identify(.) by extensions ['cmake', 'python']
[4.161s] Level 1:colcon.colcon_core.package_identification:_identify(.) by extension 'cmake'
[4.161s] Level 1:colcon.colcon_core.package_identification:_identify(.) by extension 'python'
[4.161s] Level 1:colcon.colcon_core.package_identification:_identify(.) by extensions ['python_setup_py']
[4.161s] Level 1:colcon.colcon_core.package_identification:_identify(.) by extension 'python_setup_py'
[4.161s] Level 1:colcon.colcon_core.package_identification:_identify(build) by extensions ['ignore', 'ignore_ament_install']
[4.161s] Level 1:colcon.colcon_core.package_identification:_identify(build) by extension 'ignore'
[4.161s] Level 1:colcon.colcon_core.package_identification:_identify(build) ignored
[4.162s] Level 1:colcon.colcon_core.package_identification:_identify(install) by extensions ['ignore', 'ignore_ament_install']
[4.162s] Level 1:colcon.colcon_core.package_identification:_identify(install) by extension 'ignore'
[4.162s] Level 1:colcon.colcon_core.package_identification:_identify(install) ignored
[4.162s] Level 1:colcon.colcon_core.package_identification:_identify(log) by extensions ['ignore', 'ignore_ament_install']
[4.162s] Level 1:colcon.colcon_core.package_identification:_identify(log) by extension 'ignore'
[4.162s] Level 1:colcon.colcon_core.package_identification:_identify(log) ignored
[4.163s] Level 1:colcon.colcon_core.package_identification:_identify(src) by extensions ['ignore', 'ignore_ament_install']
[4.163s] Level 1:colcon.colcon_core.package_identification:_identify(src) by extension 'ignore'
[4.163s] Level 1:colcon.colcon_core.package_identification:_identify(src) by extension 'ignore_ament_install'
[4.163s] Level 1:colcon.colcon_core.package_identification:_identify(src) by extensions ['colcon_pkg']
[4.163s] Level 1:colcon.colcon_core.package_identification:_identify(src) by extension 'colcon_pkg'
[4.163s] Level 1:colcon.colcon_core.package_identification:_identify(src) by extensions ['colcon_meta']
[4.163s] Level 1:colcon.colcon_core.package_identification:_identify(src) by extension 'colcon_meta'
[4.163s] Level 1:colcon.colcon_core.package_identification:_identify(src) by extensions ['ros']
[4.163s] Level 1:colcon.colcon_core.package_identification:_identify(src) by extension 'ros'
[4.163s] Level 1:colcon.colcon_core.package_identification:_identify(src) by extensions ['cmake', 'python']
[4.164s] Level 1:colcon.colcon_core.package_identification:_identify(src) by extension 'cmake'
[4.164s] Level 1:colcon.colcon_core.package_identification:_identify(src) by extension 'python'
[4.164s] Level 1:colcon.colcon_core.package_identification:_identify(src) by extensions ['python_setup_py']
[4.164s] Level 1:colcon.colcon_core.package_identification:_identify(src) by extension 'python_setup_py'
[4.164s] Level 1:colcon.colcon_core.package_identification:_identify(src/rplidar_slam) by extensions ['ignore', 'ignore_ament_install']
[4.164s] Level 1:colcon.colcon_core.package_identification:_identify(src/rplidar_slam) by extension 'ignore'
[4.164s] Level 1:colcon.colcon_core.package_identification:_identify(src/rplidar_slam) by extension 'ignore_ament_install'
[4.164s] Level 1:colcon.colcon_core.package_identification:_identify(src/rplidar_slam) by extensions ['colcon_pkg']
[4.164s] Level 1:colcon.colcon_core.package_identification:_identify(src/rplidar_slam) by extension 'colcon_pkg'
[4.164s] Level 1:colcon.colcon_core.package_identification:_identify(src/rplidar_slam) by extensions ['colcon_meta']
[4.164s] Level 1:colcon.colcon_core.package_identification:_identify(src/rplidar_slam) by extension 'colcon_meta'
[4.164s] Level 1:colcon.colcon_core.package_identification:_identify(src/rplidar_slam) by extensions ['ros']
[4.164s] Level 1:colcon.colcon_core.package_identification:_identify(src/rplidar_slam) by extension 'ros'
[4.169s] DEBUG:colcon.colcon_core.package_identification:Package 'src/rplidar_slam' with type 'ros.ament_cmake' and name 'rplidar_slam'
[4.169s] Level 1:colcon.colcon_core.package_discovery:discover_packages(recursive) using defaults
[4.169s] Level 1:colcon.colcon_core.package_discovery:discover_packages(ignore) discover
[4.169s] Level 1:colcon.colcon_core.package_discovery:discover_packages(ignore) using defaults
[4.169s] Level 1:colcon.colcon_core.package_discovery:discover_packages(path) discover
[4.169s] Level 1:colcon.colcon_core.package_discovery:discover_packages(path) using defaults
[4.201s] Level 1:colcon.colcon_core.package_discovery:discover_packages(prefix_path) check parameters
[4.201s] Level 1:colcon.colcon_core.package_discovery:discover_packages(prefix_path) discover
[4.203s] DEBUG:colcon.colcon_installed_package_information.package_discovery:Found 5 installed packages in /home/abhay/ros2_ws/install
[4.204s] DEBUG:colcon.colcon_installed_package_information.package_discovery:Found 1 installed packages in /home/abhay/lidar_ws/install
[4.207s] DEBUG:colcon.colcon_installed_package_information.package_discovery:Found 402 installed packages in /opt/ros/humble
[4.224s] Level 1:colcon.colcon_core.package_discovery:discover_packages(prefix_path) using defaults
[4.295s] Level 5:colcon.colcon_core.verb:set package 'rplidar_slam' build argument 'cmake_args' from command line to 'None'
[4.295s] Level 5:colcon.colcon_core.verb:set package 'rplidar_slam' build argument 'cmake_target' from command line to 'None'
[4.295s] Level 5:colcon.colcon_core.verb:set package 'rplidar_slam' build argument 'cmake_target_skip_unavailable' from command line to 'False'
[4.295s] Level 5:colcon.colcon_core.verb:set package 'rplidar_slam' build argument 'cmake_clean_cache' from command line to 'False'
[4.295s] Level 5:colcon.colcon_core.verb:set package 'rplidar_slam' build argument 'cmake_clean_first' from command line to 'False'
[4.295s] Level 5:colcon.colcon_core.verb:set package 'rplidar_slam' build argument 'cmake_force_configure' from command line to 'False'
[4.295s] Level 5:colcon.colcon_core.verb:set package 'rplidar_slam' build argument 'ament_cmake_args' from command line to 'None'
[4.295s] Level 5:colcon.colcon_core.verb:set package 'rplidar_slam' build argument 'catkin_cmake_args' from command line to 'None'
[4.295s] Level 5:colcon.colcon_core.verb:set package 'rplidar_slam' build argument 'catkin_skip_building_tests' from command line to 'False'
[4.296s] DEBUG:colcon.colcon_core.verb:Building package 'rplidar_slam' with the following arguments: {'ament_cmake_args': None, 'build_base': '/home/abhay/rplidar_slam_ws/build/rplidar_slam', 'catkin_cmake_args': None, 'catkin_skip_building_tests': False, 'cmake_args': None, 'cmake_clean_cache': False, 'cmake_clean_first': False, 'cmake_force_configure': False, 'cmake_target': None, 'cmake_target_skip_unavailable': False, 'install_base': '/home/abhay/rplidar_slam_ws/install/rplidar_slam', 'merge_install': False, 'path': '/home/abhay/rplidar_slam_ws/src/rplidar_slam', 'symlink_install': True, 'test_result_base': None}
[4.296s] INFO:colcon.colcon_core.executor:Executing jobs using 'parallel' executor
[4.298s] DEBUG:colcon.colcon_parallel_executor.executor.parallel:run_until_complete
[4.298s] INFO:colcon.colcon_ros.task.ament_cmake.build:Building ROS package in '/home/abhay/rplidar_slam_ws/src/rplidar_slam' with build type 'ament_cmake'
[4.298s] INFO:colcon.colcon_cmake.task.cmake.build:Building CMake package in '/home/abhay/rplidar_slam_ws/src/rplidar_slam'
[4.301s] INFO:colcon.colcon_core.plugin_system:Skipping extension 'colcon_core.shell.bat': Not used on non-Windows systems
[4.302s] INFO:colcon.colcon_core.shell:Skip shell extension 'powershell' for command environment: Not usable outside of PowerShell
[4.302s] DEBUG:colcon.colcon_core.shell:Skip shell extension 'dsv' for command environment
[4.325s] DEBUG:colcon.colcon_core.event_handler.log_command:Invoking command in '/home/abhay/rplidar_slam_ws/build/rplidar_slam': CMAKE_PREFIX_PATH=${CMAKE_PREFIX_PATH}:/opt/ros/humble /usr/bin/cmake /home/abhay/rplidar_slam_ws/src/rplidar_slam -DAMENT_CMAKE_SYMLINK_INSTALL=1 -DCMAKE_INSTALL_PREFIX=/home/abhay/rplidar_slam_ws/install/rplidar_slam
[13.224s] DEBUG:colcon.colcon_core.event_handler.log_command:Invoked command in '/home/abhay/rplidar_slam_ws/build/rplidar_slam' returned '0': CMAKE_PREFIX_PATH=${CMAKE_PREFIX_PATH}:/opt/ros/humble /usr/bin/cmake /home/abhay/rplidar_slam_ws/src/rplidar_slam -DAMENT_CMAKE_SYMLINK_INSTALL=1 -DCMAKE_INSTALL_PREFIX=/home/abhay/rplidar_slam_ws/install/rplidar_slam
[13.226s] DEBUG:colcon.colcon_core.event_handler.log_command:Invoking command in '/home/abhay/rplidar_slam_ws/build/rplidar_slam': CMAKE_PREFIX_PATH=${CMAKE_PREFIX_PATH}:/opt/ros/humble /usr/bin/cmake --build /home/abhay/rplidar_slam_ws/build/rplidar_slam -- -j12 -l12
[13.310s] DEBUG:colcon.colcon_core.event_handler.log_command:Invoked command in '/home/abhay/rplidar_slam_ws/build/rplidar_slam' returned '0': CMAKE_PREFIX_PATH=${CMAKE_PREFIX_PATH}:/opt/ros/humble /usr/bin/cmake --build /home/abhay/rplidar_slam_ws/build/rplidar_slam -- -j12 -l12
[13.331s] DEBUG:colcon.colcon_core.event_handler.log_command:Invoking command in '/home/abhay/rplidar_slam_ws/build/rplidar_slam': CMAKE_PREFIX_PATH=${CMAKE_PREFIX_PATH}:/opt/ros/humble /usr/bin/cmake --install /home/abhay/rplidar_slam_ws/build/rplidar_slam
[13.385s] Level 1:colcon.colcon_core.environment:create_environment_scripts_only(rplidar_slam)
[13.386s] DEBUG:colcon.colcon_core.event_handler.log_command:Invoked command in '/home/abhay/rplidar_slam_ws/build/rplidar_slam' returned '0': CMAKE_PREFIX_PATH=${CMAKE_PREFIX_PATH}:/opt/ros/humble /usr/bin/cmake --install /home/abhay/rplidar_slam_ws/build/rplidar_slam
[13.390s] Level 1:colcon.colcon_core.environment:checking '/home/abhay/rplidar_slam_ws/install/rplidar_slam' for CMake module files
[13.391s] Level 1:colcon.colcon_core.environment:checking '/home/abhay/rplidar_slam_ws/install/rplidar_slam' for CMake config files
[13.392s] Level 1:colcon.colcon_core.shell:create_environment_hook('rplidar_slam', 'cmake_prefix_path')
[13.392s] INFO:colcon.colcon_core.shell:Creating environment hook '/home/abhay/rplidar_slam_ws/install/rplidar_slam/share/rplidar_slam/hook/cmake_prefix_path.ps1'
[13.394s] INFO:colcon.colcon_core.shell:Creating environment descriptor '/home/abhay/rplidar_slam_ws/install/rplidar_slam/share/rplidar_slam/hook/cmake_prefix_path.dsv'
[13.394s] INFO:colcon.colcon_core.shell:Creating environment hook '/home/abhay/rplidar_slam_ws/install/rplidar_slam/share/rplidar_slam/hook/cmake_prefix_path.sh'
[13.396s] Level 1:colcon.colcon_core.environment:checking '/home/abhay/rplidar_slam_ws/install/rplidar_slam/bin'
[13.396s] Level 1:colcon.colcon_core.environment:checking '/home/abhay/rplidar_slam_ws/install/rplidar_slam/lib/pkgconfig/rplidar_slam.pc'
[13.396s] Level 1:colcon.colcon_core.environment:checking '/home/abhay/rplidar_slam_ws/install/rplidar_slam/lib/python3.10/site-packages'
[13.397s] Level 1:colcon.colcon_core.environment:checking '/home/abhay/rplidar_slam_ws/install/rplidar_slam/bin'
[13.397s] INFO:colcon.colcon_core.shell:Creating package script '/home/abhay/rplidar_slam_ws/install/rplidar_slam/share/rplidar_slam/package.ps1'
[13.400s] INFO:colcon.colcon_core.shell:Creating package descriptor '/home/abhay/rplidar_slam_ws/install/rplidar_slam/share/rplidar_slam/package.dsv'
[13.401s] INFO:colcon.colcon_core.shell:Creating package script '/home/abhay/rplidar_slam_ws/install/rplidar_slam/share/rplidar_slam/package.sh'
[13.403s] INFO:colcon.colcon_core.shell:Creating package script '/home/abhay/rplidar_slam_ws/install/rplidar_slam/share/rplidar_slam/package.bash'
[13.404s] INFO:colcon.colcon_core.shell:Creating package script '/home/abhay/rplidar_slam_ws/install/rplidar_slam/share/rplidar_slam/package.zsh'
[13.406s] Level 1:colcon.colcon_core.environment:create_file_with_runtime_dependencies(/home/abhay/rplidar_slam_ws/install/rplidar_slam/share/colcon-core/packages/rplidar_slam)
[13.407s] Level 1:colcon.colcon_core.environment:create_environment_scripts_only(rplidar_slam)
[13.407s] Level 1:colcon.colcon_core.environment:checking '/home/abhay/rplidar_slam_ws/install/rplidar_slam' for CMake module files
[13.408s] Level 1:colcon.colcon_core.environment:checking '/home/abhay/rplidar_slam_ws/install/rplidar_slam' for CMake config files
[13.408s] Level 1:colcon.colcon_core.shell:create_environment_hook('rplidar_slam', 'cmake_prefix_path')
[13.409s] INFO:colcon.colcon_core.shell:Creating environment hook '/home/abhay/rplidar_slam_ws/install/rplidar_slam/share/rplidar_slam/hook/cmake_prefix_path.ps1'
[13.410s] INFO:colcon.colcon_core.shell:Creating environment descriptor '/home/abhay/rplidar_slam_ws/install/rplidar_slam/share/rplidar_slam/hook/cmake_prefix_path.dsv'
[13.411s] INFO:colcon.colcon_core.shell:Creating environment hook '/home/abhay/rplidar_slam_ws/install/rplidar_slam/share/rplidar_slam/hook/cmake_prefix_path.sh'
[13.412s] Level 1:colcon.colcon_core.environment:checking '/home/abhay/rplidar_slam_ws/install/rplidar_slam/bin'
[13.412s] Level 1:colcon.colcon_core.environment:checking '/home/abhay/rplidar_slam_ws/install/rplidar_slam/lib/pkgconfig/rplidar_slam.pc'
[13.412s] Level 1:colcon.colcon_core.environment:checking '/home/abhay/rplidar_slam_ws/install/rplidar_slam/lib/python3.10/site-packages'
[13.413s] Level 1:colcon.colcon_core.environment:checking '/home/abhay/rplidar_slam_ws/install/rplidar_slam/bin'
[13.413s] INFO:colcon.colcon_core.shell:Creating package script '/home/abhay/rplidar_slam_ws/install/rplidar_slam/share/rplidar_slam/package.ps1'
[13.415s] INFO:colcon.colcon_core.shell:Creating package descriptor '/home/abhay/rplidar_slam_ws/install/rplidar_slam/share/rplidar_slam/package.dsv'
[13.416s] INFO:colcon.colcon_core.shell:Creating package script '/home/abhay/rplidar_slam_ws/install/rplidar_slam/share/rplidar_slam/package.sh'
[13.416s] INFO:colcon.colcon_core.shell:Creating package script '/home/abhay/rplidar_slam_ws/install/rplidar_slam/share/rplidar_slam/package.bash'
[13.417s] INFO:colcon.colcon_core.shell:Creating package script '/home/abhay/rplidar_slam_ws/install/rplidar_slam/share/rplidar_slam/package.zsh'
[13.418s] Level 1:colcon.colcon_core.environment:create_file_with_runtime_dependencies(/home/abhay/rplidar_slam_ws/install/rplidar_slam/share/colcon-core/packages/rplidar_slam)
[13.419s] DEBUG:colcon.colcon_parallel_executor.executor.parallel:closing loop
[13.420s] DEBUG:colcon.colcon_parallel_executor.executor.parallel:loop closed
[13.420s] DEBUG:colcon.colcon_parallel_executor.executor.parallel:run_until_complete finished with '0'
[13.420s] DEBUG:colcon.colcon_core.event_reactor:joining thread
[13.492s] INFO:colcon.colcon_core.plugin_system:Skipping extension 'colcon_notification.desktop_notification.notify_send': Could not find 'notify-send'
[13.492s] INFO:colcon.colcon_core.plugin_system:Skipping extension 'colcon_notification.desktop_notification.terminal_notifier': Not used on non-Darwin systems
[13.492s] INFO:colcon.colcon_core.plugin_system:Skipping extension 'colcon_notification.desktop_notification.win32': Not used on non-Windows systems
[13.493s] INFO:colcon.colcon_notification.desktop_notification:Sending desktop notification using 'notify2'
[13.493s] DEBUG:colcon.colcon_notification.desktop_notification.notify2:Failed to initialize notify2: org.freedesktop.DBus.Error.FileNotFound: Failed to connect to socket /run/user/1000/bus: No such file or directory
[13.493s] DEBUG:colcon.colcon_core.event_reactor:joined thread
[13.494s] INFO:colcon.colcon_core.shell:Creating prefix script '/home/abhay/rplidar_slam_ws/install/local_setup.ps1'
[13.495s] INFO:colcon.colcon_core.shell:Creating prefix util module '/home/abhay/rplidar_slam_ws/install/_local_setup_util_ps1.py'
[13.497s] INFO:colcon.colcon_core.shell:Creating prefix chain script '/home/abhay/rplidar_slam_ws/install/setup.ps1'
[13.500s] INFO:colcon.colcon_core.shell:Creating prefix script '/home/abhay/rplidar_slam_ws/install/local_setup.sh'
[13.501s] INFO:colcon.colcon_core.shell:Creating prefix util module '/home/abhay/rplidar_slam_ws/install/_local_setup_util_sh.py'
[13.502s] INFO:colcon.colcon_core.shell:Creating prefix chain script '/home/abhay/rplidar_slam_ws/install/setup.sh'
[13.504s] INFO:colcon.colcon_core.shell:Creating prefix script '/home/abhay/rplidar_slam_ws/install/local_setup.bash'
[13.505s] INFO:colcon.colcon_core.shell:Creating prefix chain script '/home/abhay/rplidar_slam_ws/install/setup.bash'
[13.507s] INFO:colcon.colcon_core.shell:Creating prefix script '/home/abhay/rplidar_slam_ws/install/local_setup.zsh'
[13.508s] INFO:colcon.colcon_core.shell:Creating prefix chain script '/home/abhay/rplidar_slam_ws/install/setup.zsh'
