[0.035s] Invoking command in '/home/abhay/rplidar_slam_ws/build/rplidar_slam': CMAKE_PREFIX_PATH=${CMAKE_PREFIX_PATH}:/opt/ros/humble /usr/bin/cmake --build /home/abhay/rplidar_slam_ws/build/rplidar_slam -- -j12 -l12
[0.120s] Invoked command in '/home/abhay/rplidar_slam_ws/build/rplidar_slam' returned '0': CMAKE_PREFIX_PATH=${CMAKE_PREFIX_PATH}:/opt/ros/humble /usr/bin/cmake --build /home/abhay/rplidar_slam_ws/build/rplidar_slam -- -j12 -l12
[0.143s] Invoking command in '/home/abhay/rplidar_slam_ws/build/rplidar_slam': CMAKE_PREFIX_PATH=${CMAKE_PREFIX_PATH}:/opt/ros/humble /usr/bin/cmake --install /home/abhay/rplidar_slam_ws/build/rplidar_slam
[0.158s] -- Install configuration: ""
[0.159s] -- Execute custom install script
[0.160s] -- Up-to-date symlink: /home/abhay/rplidar_slam_ws/install/rplidar_slam/share/rplidar_slam//launch/rplidar.launch.py
[0.160s] -- Up-to-date symlink: /home/abhay/rplidar_slam_ws/install/rplidar_slam/share/rplidar_slam//launch/rplidar_rviz.launch.py
[0.160s] -- Up-to-date symlink: /home/abhay/rplidar_slam_ws/install/rplidar_slam/share/rplidar_slam//launch/rplidar_slam.launch.py
[0.161s] -- Up-to-date symlink: /home/abhay/rplidar_slam_ws/install/rplidar_slam/share/rplidar_slam//rviz/rplidar.rviz
[0.162s] -- Up-to-date symlink: /home/abhay/rplidar_slam_ws/install/rplidar_slam/share/rplidar_slam//rviz/slam.rviz
[0.162s] -- Up-to-date symlink: /home/abhay/rplidar_slam_ws/install/rplidar_slam/share/ament_index/resource_index/package_run_dependencies/rplidar_slam
[0.163s] -- Up-to-date symlink: /home/abhay/rplidar_slam_ws/install/rplidar_slam/share/ament_index/resource_index/parent_prefix_path/rplidar_slam
[0.163s] -- Up-to-date symlink: /home/abhay/rplidar_slam_ws/install/rplidar_slam/share/rplidar_slam/environment/ament_prefix_path.sh
[0.164s] -- Up-to-date symlink: /home/abhay/rplidar_slam_ws/install/rplidar_slam/share/rplidar_slam/environment/ament_prefix_path.dsv
[0.164s] -- Up-to-date symlink: /home/abhay/rplidar_slam_ws/install/rplidar_slam/share/rplidar_slam/environment/path.sh
[0.164s] -- Up-to-date symlink: /home/abhay/rplidar_slam_ws/install/rplidar_slam/share/rplidar_slam/environment/path.dsv
[0.165s] -- Up-to-date symlink: /home/abhay/rplidar_slam_ws/install/rplidar_slam/share/rplidar_slam/local_setup.bash
[0.165s] -- Up-to-date symlink: /home/abhay/rplidar_slam_ws/install/rplidar_slam/share/rplidar_slam/local_setup.sh
[0.167s] -- Up-to-date symlink: /home/abhay/rplidar_slam_ws/install/rplidar_slam/share/rplidar_slam/local_setup.zsh
[0.167s] -- Up-to-date symlink: /home/abhay/rplidar_slam_ws/install/rplidar_slam/share/rplidar_slam/local_setup.dsv
[0.168s] -- Symlinking: /home/abhay/rplidar_slam_ws/install/rplidar_slam/share/rplidar_slam/package.dsv
[0.187s] -- Up-to-date symlink: /home/abhay/rplidar_slam_ws/install/rplidar_slam/share/ament_index/resource_index/packages/rplidar_slam
[0.187s] -- Up-to-date symlink: /home/abhay/rplidar_slam_ws/install/rplidar_slam/share/rplidar_slam/cmake/rplidar_slamConfig.cmake
[0.188s] -- Up-to-date symlink: /home/abhay/rplidar_slam_ws/install/rplidar_slam/share/rplidar_slam/cmake/rplidar_slamConfig-version.cmake
[0.188s] -- Up-to-date symlink: /home/abhay/rplidar_slam_ws/install/rplidar_slam/share/rplidar_slam/package.xml
[0.192s] Invoked command in '/home/abhay/rplidar_slam_ws/build/rplidar_slam' returned '0': CMAKE_PREFIX_PATH=${CMAKE_PREFIX_PATH}:/opt/ros/humble /usr/bin/cmake --install /home/abhay/rplidar_slam_ws/build/rplidar_slam
